[0.058s] DEBUG:colcon:Command line arguments: ['/usr/bin/colcon', 'list', '--names-only']
[0.058s] DEBUG:colcon:Parsed command line arguments: Namespace(log_base=None, log_level=None, verb_name='list', build_base='build', ignore_user_meta=False, metas=['./colcon.meta'], base_paths=['.'], packages_ignore=None, packages_ignore_regex=None, paths=None, packages_up_to=None, packages_up_to_regex=None, packages_above=None, packages_above_and_dependencies=None, packages_above_depth=None, packages_select_by_dep=None, packages_skip_by_dep=None, packages_skip_up_to=None, packages_select_build_failed=False, packages_skip_build_finished=False, packages_select_test_failures=False, packages_skip_test_passed=False, packages_select=None, packages_skip=None, packages_select_regex=None, packages_skip_regex=None, packages_start=None, packages_end=None, allow_overriding=[], topological_order=False, names_only=True, paths_only=False, topological_graph=False, topological_graph_dot=False, topological_graph_density=False, topological_graph_legend=False, topological_graph_dot_cluster=False, topological_graph_dot_include_skipped=False, mixin_files=None, mixin=None, verb_parser=<colcon_mixin.mixin.mixin_argument.MixinArgumentDecorator object at 0x711a526b5b70>, verb_extension=<colcon_package_information.verb.list.ListVerb object at 0x711a526318a0>, main=<bound method ListVerb.main of <colcon_package_information.verb.list.ListVerb object at 0x711a526318a0>>, mixin_verb=('list',))
[0.159s] Level 1:colcon.colcon_core.package_discovery:discover_packages(colcon_meta) check parameters
[0.160s] Level 1:colcon.colcon_core.package_discovery:discover_packages(recursive) check parameters
[0.160s] Level 1:colcon.colcon_core.package_discovery:discover_packages(ignore) check parameters
[0.160s] Level 1:colcon.colcon_core.package_discovery:discover_packages(path) check parameters
[0.160s] Level 1:colcon.colcon_core.package_discovery:discover_packages(colcon_meta) discover
[0.160s] Level 1:colcon.colcon_core.package_discovery:discover_packages(recursive) discover
[0.160s] INFO:colcon.colcon_core.package_discovery:Crawling recursively for packages in '/home/wrj/Desktop/rm_engineer'
[0.160s] Level 1:colcon.colcon_core.package_identification:_identify(.) by extensions ['ignore', 'ignore_ament_install']
[0.160s] Level 1:colcon.colcon_core.package_identification:_identify(.) by extension 'ignore'
[0.160s] Level 1:colcon.colcon_core.package_identification:_identify(.) by extension 'ignore_ament_install'
[0.160s] Level 1:colcon.colcon_core.package_identification:_identify(.) by extensions ['colcon_pkg']
[0.160s] Level 1:colcon.colcon_core.package_identification:_identify(.) by extension 'colcon_pkg'
[0.160s] Level 1:colcon.colcon_core.package_identification:_identify(.) by extensions ['colcon_meta']
[0.160s] Level 1:colcon.colcon_core.package_identification:_identify(.) by extension 'colcon_meta'
[0.160s] Level 1:colcon.colcon_core.package_identification:_identify(.) by extensions ['ros']
[0.160s] Level 1:colcon.colcon_core.package_identification:_identify(.) by extension 'ros'
[0.177s] Level 1:colcon.colcon_core.package_identification:_identify(.) by extensions ['cmake', 'python']
[0.177s] Level 1:colcon.colcon_core.package_identification:_identify(.) by extension 'cmake'
[0.177s] Level 1:colcon.colcon_core.package_identification:_identify(.) by extension 'python'
[0.177s] Level 1:colcon.colcon_core.package_identification:_identify(.) by extensions ['python_setup_py']
[0.177s] Level 1:colcon.colcon_core.package_identification:_identify(.) by extension 'python_setup_py'
[0.177s] Level 1:colcon.colcon_core.package_identification:_identify(doc) by extensions ['ignore', 'ignore_ament_install']
[0.177s] Level 1:colcon.colcon_core.package_identification:_identify(doc) by extension 'ignore'
[0.177s] Level 1:colcon.colcon_core.package_identification:_identify(doc) by extension 'ignore_ament_install'
[0.177s] Level 1:colcon.colcon_core.package_identification:_identify(doc) by extensions ['colcon_pkg']
[0.177s] Level 1:colcon.colcon_core.package_identification:_identify(doc) by extension 'colcon_pkg'
[0.177s] Level 1:colcon.colcon_core.package_identification:_identify(doc) by extensions ['colcon_meta']
[0.177s] Level 1:colcon.colcon_core.package_identification:_identify(doc) by extension 'colcon_meta'
[0.177s] Level 1:colcon.colcon_core.package_identification:_identify(doc) by extensions ['ros']
[0.177s] Level 1:colcon.colcon_core.package_identification:_identify(doc) by extension 'ros'
[0.177s] Level 1:colcon.colcon_core.package_identification:_identify(doc) by extensions ['cmake', 'python']
[0.177s] Level 1:colcon.colcon_core.package_identification:_identify(doc) by extension 'cmake'
[0.177s] Level 1:colcon.colcon_core.package_identification:_identify(doc) by extension 'python'
[0.177s] Level 1:colcon.colcon_core.package_identification:_identify(doc) by extensions ['python_setup_py']
[0.177s] Level 1:colcon.colcon_core.package_identification:_identify(doc) by extension 'python_setup_py'
[0.178s] Level 1:colcon.colcon_core.package_identification:_identify(log) by extensions ['ignore', 'ignore_ament_install']
[0.178s] Level 1:colcon.colcon_core.package_identification:_identify(log) by extension 'ignore'
[0.178s] Level 1:colcon.colcon_core.package_identification:_identify(log) ignored
[0.178s] Level 1:colcon.colcon_core.package_identification:_identify(src) by extensions ['ignore', 'ignore_ament_install']
[0.178s] Level 1:colcon.colcon_core.package_identification:_identify(src) by extension 'ignore'
[0.178s] Level 1:colcon.colcon_core.package_identification:_identify(src) by extension 'ignore_ament_install'
[0.178s] Level 1:colcon.colcon_core.package_identification:_identify(src) by extensions ['colcon_pkg']
[0.178s] Level 1:colcon.colcon_core.package_identification:_identify(src) by extension 'colcon_pkg'
[0.178s] Level 1:colcon.colcon_core.package_identification:_identify(src) by extensions ['colcon_meta']
[0.178s] Level 1:colcon.colcon_core.package_identification:_identify(src) by extension 'colcon_meta'
[0.178s] Level 1:colcon.colcon_core.package_identification:_identify(src) by extensions ['ros']
[0.178s] Level 1:colcon.colcon_core.package_identification:_identify(src) by extension 'ros'
[0.178s] Level 1:colcon.colcon_core.package_identification:_identify(src) by extensions ['cmake', 'python']
[0.178s] Level 1:colcon.colcon_core.package_identification:_identify(src) by extension 'cmake'
[0.178s] Level 1:colcon.colcon_core.package_identification:_identify(src) by extension 'python'
[0.178s] Level 1:colcon.colcon_core.package_identification:_identify(src) by extensions ['python_setup_py']
[0.178s] Level 1:colcon.colcon_core.package_identification:_identify(src) by extension 'python_setup_py'
[0.178s] Level 1:colcon.colcon_core.package_identification:_identify(src/auto) by extensions ['ignore', 'ignore_ament_install']
[0.178s] Level 1:colcon.colcon_core.package_identification:_identify(src/auto) by extension 'ignore'
[0.178s] Level 1:colcon.colcon_core.package_identification:_identify(src/auto) by extension 'ignore_ament_install'
[0.178s] Level 1:colcon.colcon_core.package_identification:_identify(src/auto) by extensions ['colcon_pkg']
[0.178s] Level 1:colcon.colcon_core.package_identification:_identify(src/auto) by extension 'colcon_pkg'
[0.178s] Level 1:colcon.colcon_core.package_identification:_identify(src/auto) by extensions ['colcon_meta']
[0.178s] Level 1:colcon.colcon_core.package_identification:_identify(src/auto) by extension 'colcon_meta'
[0.178s] Level 1:colcon.colcon_core.package_identification:_identify(src/auto) by extensions ['ros']
[0.178s] Level 1:colcon.colcon_core.package_identification:_identify(src/auto) by extension 'ros'
[0.178s] Level 1:colcon.colcon_core.package_identification:_identify(src/auto) by extensions ['cmake', 'python']
[0.178s] Level 1:colcon.colcon_core.package_identification:_identify(src/auto) by extension 'cmake'
[0.178s] Level 1:colcon.colcon_core.package_identification:_identify(src/auto) by extension 'python'
[0.178s] Level 1:colcon.colcon_core.package_identification:_identify(src/auto) by extensions ['python_setup_py']
[0.178s] Level 1:colcon.colcon_core.package_identification:_identify(src/auto) by extension 'python_setup_py'
[0.178s] Level 1:colcon.colcon_core.package_identification:_identify(src/drivers) by extensions ['ignore', 'ignore_ament_install']
[0.178s] Level 1:colcon.colcon_core.package_identification:_identify(src/drivers) by extension 'ignore'
[0.178s] Level 1:colcon.colcon_core.package_identification:_identify(src/drivers) by extension 'ignore_ament_install'
[0.178s] Level 1:colcon.colcon_core.package_identification:_identify(src/drivers) by extensions ['colcon_pkg']
[0.178s] Level 1:colcon.colcon_core.package_identification:_identify(src/drivers) by extension 'colcon_pkg'
[0.178s] Level 1:colcon.colcon_core.package_identification:_identify(src/drivers) by extensions ['colcon_meta']
[0.178s] Level 1:colcon.colcon_core.package_identification:_identify(src/drivers) by extension 'colcon_meta'
[0.178s] Level 1:colcon.colcon_core.package_identification:_identify(src/drivers) by extensions ['ros']
[0.178s] Level 1:colcon.colcon_core.package_identification:_identify(src/drivers) by extension 'ros'
[0.178s] Level 1:colcon.colcon_core.package_identification:_identify(src/drivers) by extensions ['cmake', 'python']
[0.178s] Level 1:colcon.colcon_core.package_identification:_identify(src/drivers) by extension 'cmake'
[0.178s] Level 1:colcon.colcon_core.package_identification:_identify(src/drivers) by extension 'python'
[0.178s] Level 1:colcon.colcon_core.package_identification:_identify(src/drivers) by extensions ['python_setup_py']
[0.179s] Level 1:colcon.colcon_core.package_identification:_identify(src/drivers) by extension 'python_setup_py'
[0.179s] Level 1:colcon.colcon_core.package_identification:_identify(src/drivers/fake_system_node) by extensions ['ignore', 'ignore_ament_install']
[0.179s] Level 1:colcon.colcon_core.package_identification:_identify(src/drivers/fake_system_node) by extension 'ignore'
[0.179s] Level 1:colcon.colcon_core.package_identification:_identify(src/drivers/fake_system_node) by extension 'ignore_ament_install'
[0.179s] Level 1:colcon.colcon_core.package_identification:_identify(src/drivers/fake_system_node) by extensions ['colcon_pkg']
[0.179s] Level 1:colcon.colcon_core.package_identification:_identify(src/drivers/fake_system_node) by extension 'colcon_pkg'
[0.179s] Level 1:colcon.colcon_core.package_identification:_identify(src/drivers/fake_system_node) by extensions ['colcon_meta']
[0.179s] Level 1:colcon.colcon_core.package_identification:_identify(src/drivers/fake_system_node) by extension 'colcon_meta'
[0.179s] Level 1:colcon.colcon_core.package_identification:_identify(src/drivers/fake_system_node) by extensions ['ros']
[0.179s] Level 1:colcon.colcon_core.package_identification:_identify(src/drivers/fake_system_node) by extension 'ros'
[0.180s] DEBUG:colcon.colcon_core.package_identification:Package 'src/drivers/fake_system_node' with type 'ros.ament_cmake' and name 'fake_system'
[0.180s] Level 1:colcon.colcon_core.package_identification:_identify(src/drivers/usb_cdc_node) by extensions ['ignore', 'ignore_ament_install']
[0.180s] Level 1:colcon.colcon_core.package_identification:_identify(src/drivers/usb_cdc_node) by extension 'ignore'
[0.180s] Level 1:colcon.colcon_core.package_identification:_identify(src/drivers/usb_cdc_node) by extension 'ignore_ament_install'
[0.180s] Level 1:colcon.colcon_core.package_identification:_identify(src/drivers/usb_cdc_node) by extensions ['colcon_pkg']
[0.180s] Level 1:colcon.colcon_core.package_identification:_identify(src/drivers/usb_cdc_node) by extension 'colcon_pkg'
[0.180s] Level 1:colcon.colcon_core.package_identification:_identify(src/drivers/usb_cdc_node) by extensions ['colcon_meta']
[0.180s] Level 1:colcon.colcon_core.package_identification:_identify(src/drivers/usb_cdc_node) by extension 'colcon_meta'
[0.181s] Level 1:colcon.colcon_core.package_identification:_identify(src/drivers/usb_cdc_node) by extensions ['ros']
[0.181s] Level 1:colcon.colcon_core.package_identification:_identify(src/drivers/usb_cdc_node) by extension 'ros'
[0.181s] DEBUG:colcon.colcon_core.package_identification:Package 'src/drivers/usb_cdc_node' with type 'ros.ament_cmake' and name 'usb_cdc'
[0.181s] Level 1:colcon.colcon_core.package_identification:_identify(src/motion) by extensions ['ignore', 'ignore_ament_install']
[0.181s] Level 1:colcon.colcon_core.package_identification:_identify(src/motion) by extension 'ignore'
[0.181s] Level 1:colcon.colcon_core.package_identification:_identify(src/motion) by extension 'ignore_ament_install'
[0.181s] Level 1:colcon.colcon_core.package_identification:_identify(src/motion) by extensions ['colcon_pkg']
[0.181s] Level 1:colcon.colcon_core.package_identification:_identify(src/motion) by extension 'colcon_pkg'
[0.181s] Level 1:colcon.colcon_core.package_identification:_identify(src/motion) by extensions ['colcon_meta']
[0.181s] Level 1:colcon.colcon_core.package_identification:_identify(src/motion) by extension 'colcon_meta'
[0.181s] Level 1:colcon.colcon_core.package_identification:_identify(src/motion) by extensions ['ros']
[0.181s] Level 1:colcon.colcon_core.package_identification:_identify(src/motion) by extension 'ros'
[0.182s] Level 1:colcon.colcon_core.package_identification:_identify(src/motion) by extensions ['cmake', 'python']
[0.182s] Level 1:colcon.colcon_core.package_identification:_identify(src/motion) by extension 'cmake'
[0.182s] Level 1:colcon.colcon_core.package_identification:_identify(src/motion) by extension 'python'
[0.182s] Level 1:colcon.colcon_core.package_identification:_identify(src/motion) by extensions ['python_setup_py']
[0.182s] Level 1:colcon.colcon_core.package_identification:_identify(src/motion) by extension 'python_setup_py'
[0.182s] Level 1:colcon.colcon_core.package_identification:_identify(src/motion/arm_servo_node) by extensions ['ignore', 'ignore_ament_install']
[0.182s] Level 1:colcon.colcon_core.package_identification:_identify(src/motion/arm_servo_node) by extension 'ignore'
[0.182s] Level 1:colcon.colcon_core.package_identification:_identify(src/motion/arm_servo_node) by extension 'ignore_ament_install'
[0.182s] Level 1:colcon.colcon_core.package_identification:_identify(src/motion/arm_servo_node) by extensions ['colcon_pkg']
[0.182s] Level 1:colcon.colcon_core.package_identification:_identify(src/motion/arm_servo_node) by extension 'colcon_pkg'
[0.182s] Level 1:colcon.colcon_core.package_identification:_identify(src/motion/arm_servo_node) by extensions ['colcon_meta']
[0.182s] Level 1:colcon.colcon_core.package_identification:_identify(src/motion/arm_servo_node) by extension 'colcon_meta'
[0.182s] Level 1:colcon.colcon_core.package_identification:_identify(src/motion/arm_servo_node) by extensions ['ros']
[0.182s] Level 1:colcon.colcon_core.package_identification:_identify(src/motion/arm_servo_node) by extension 'ros'
[0.182s] DEBUG:colcon.colcon_core.package_identification:Package 'src/motion/arm_servo_node' with type 'ros.ament_cmake' and name 'arm_servo'
[0.182s] Level 1:colcon.colcon_core.package_identification:_identify(src/motion/arm_solve_node) by extensions ['ignore', 'ignore_ament_install']
[0.182s] Level 1:colcon.colcon_core.package_identification:_identify(src/motion/arm_solve_node) by extension 'ignore'
[0.182s] Level 1:colcon.colcon_core.package_identification:_identify(src/motion/arm_solve_node) by extension 'ignore_ament_install'
[0.182s] Level 1:colcon.colcon_core.package_identification:_identify(src/motion/arm_solve_node) by extensions ['colcon_pkg']
[0.182s] Level 1:colcon.colcon_core.package_identification:_identify(src/motion/arm_solve_node) by extension 'colcon_pkg'
[0.182s] Level 1:colcon.colcon_core.package_identification:_identify(src/motion/arm_solve_node) by extensions ['colcon_meta']
[0.183s] Level 1:colcon.colcon_core.package_identification:_identify(src/motion/arm_solve_node) by extension 'colcon_meta'
[0.183s] Level 1:colcon.colcon_core.package_identification:_identify(src/motion/arm_solve_node) by extensions ['ros']
[0.183s] Level 1:colcon.colcon_core.package_identification:_identify(src/motion/arm_solve_node) by extension 'ros'
[0.183s] DEBUG:colcon.colcon_core.package_identification:Package 'src/motion/arm_solve_node' with type 'ros.ament_cmake' and name 'arm_solve'
[0.183s] Level 1:colcon.colcon_core.package_identification:_identify(src/motion/solve_core) by extensions ['ignore', 'ignore_ament_install']
[0.183s] Level 1:colcon.colcon_core.package_identification:_identify(src/motion/solve_core) by extension 'ignore'
[0.183s] Level 1:colcon.colcon_core.package_identification:_identify(src/motion/solve_core) by extension 'ignore_ament_install'
[0.183s] Level 1:colcon.colcon_core.package_identification:_identify(src/motion/solve_core) by extensions ['colcon_pkg']
[0.183s] Level 1:colcon.colcon_core.package_identification:_identify(src/motion/solve_core) by extension 'colcon_pkg'
[0.183s] Level 1:colcon.colcon_core.package_identification:_identify(src/motion/solve_core) by extensions ['colcon_meta']
[0.183s] Level 1:colcon.colcon_core.package_identification:_identify(src/motion/solve_core) by extension 'colcon_meta'
[0.183s] Level 1:colcon.colcon_core.package_identification:_identify(src/motion/solve_core) by extensions ['ros']
[0.183s] Level 1:colcon.colcon_core.package_identification:_identify(src/motion/solve_core) by extension 'ros'
[0.184s] DEBUG:colcon.colcon_core.package_identification:Package 'src/motion/solve_core' with type 'ros.ament_cmake' and name 'solve_core'
[0.184s] Level 1:colcon.colcon_core.package_identification:_identify(src/robots) by extensions ['ignore', 'ignore_ament_install']
[0.184s] Level 1:colcon.colcon_core.package_identification:_identify(src/robots) by extension 'ignore'
[0.184s] Level 1:colcon.colcon_core.package_identification:_identify(src/robots) by extension 'ignore_ament_install'
[0.184s] Level 1:colcon.colcon_core.package_identification:_identify(src/robots) by extensions ['colcon_pkg']
[0.184s] Level 1:colcon.colcon_core.package_identification:_identify(src/robots) by extension 'colcon_pkg'
[0.184s] Level 1:colcon.colcon_core.package_identification:_identify(src/robots) by extensions ['colcon_meta']
[0.184s] Level 1:colcon.colcon_core.package_identification:_identify(src/robots) by extension 'colcon_meta'
[0.184s] Level 1:colcon.colcon_core.package_identification:_identify(src/robots) by extensions ['ros']
[0.184s] Level 1:colcon.colcon_core.package_identification:_identify(src/robots) by extension 'ros'
[0.184s] Level 1:colcon.colcon_core.package_identification:_identify(src/robots) by extensions ['cmake', 'python']
[0.184s] Level 1:colcon.colcon_core.package_identification:_identify(src/robots) by extension 'cmake'
[0.184s] Level 1:colcon.colcon_core.package_identification:_identify(src/robots) by extension 'python'
[0.184s] Level 1:colcon.colcon_core.package_identification:_identify(src/robots) by extensions ['python_setup_py']
[0.184s] Level 1:colcon.colcon_core.package_identification:_identify(src/robots) by extension 'python_setup_py'
[0.184s] Level 1:colcon.colcon_core.package_identification:_identify(src/robots/engineer_bringup) by extensions ['ignore', 'ignore_ament_install']
[0.184s] Level 1:colcon.colcon_core.package_identification:_identify(src/robots/engineer_bringup) by extension 'ignore'
[0.184s] Level 1:colcon.colcon_core.package_identification:_identify(src/robots/engineer_bringup) by extension 'ignore_ament_install'
[0.184s] Level 1:colcon.colcon_core.package_identification:_identify(src/robots/engineer_bringup) by extensions ['colcon_pkg']
[0.184s] Level 1:colcon.colcon_core.package_identification:_identify(src/robots/engineer_bringup) by extension 'colcon_pkg'
[0.184s] Level 1:colcon.colcon_core.package_identification:_identify(src/robots/engineer_bringup) by extensions ['colcon_meta']
[0.184s] Level 1:colcon.colcon_core.package_identification:_identify(src/robots/engineer_bringup) by extension 'colcon_meta'
[0.184s] Level 1:colcon.colcon_core.package_identification:_identify(src/robots/engineer_bringup) by extensions ['ros']
[0.184s] Level 1:colcon.colcon_core.package_identification:_identify(src/robots/engineer_bringup) by extension 'ros'
[0.185s] DEBUG:colcon.colcon_core.package_identification:Package 'src/robots/engineer_bringup' with type 'ros.ament_cmake' and name 'engineer_bringup'
[0.185s] Level 1:colcon.colcon_core.package_identification:_identify(src/robots/engineer_description) by extensions ['ignore', 'ignore_ament_install']
[0.185s] Level 1:colcon.colcon_core.package_identification:_identify(src/robots/engineer_description) by extension 'ignore'
[0.185s] Level 1:colcon.colcon_core.package_identification:_identify(src/robots/engineer_description) by extension 'ignore_ament_install'
[0.185s] Level 1:colcon.colcon_core.package_identification:_identify(src/robots/engineer_description) by extensions ['colcon_pkg']
[0.185s] Level 1:colcon.colcon_core.package_identification:_identify(src/robots/engineer_description) by extension 'colcon_pkg'
[0.185s] Level 1:colcon.colcon_core.package_identification:_identify(src/robots/engineer_description) by extensions ['colcon_meta']
[0.185s] Level 1:colcon.colcon_core.package_identification:_identify(src/robots/engineer_description) by extension 'colcon_meta'
[0.185s] Level 1:colcon.colcon_core.package_identification:_identify(src/robots/engineer_description) by extensions ['ros']
[0.185s] Level 1:colcon.colcon_core.package_identification:_identify(src/robots/engineer_description) by extension 'ros'
[0.185s] DEBUG:colcon.colcon_core.package_identification:Package 'src/robots/engineer_description' with type 'ros.ament_cmake' and name 'engineer_description'
[0.185s] Level 1:colcon.colcon_core.package_identification:_identify(src/robots/engineer_interfaces) by extensions ['ignore', 'ignore_ament_install']
[0.185s] Level 1:colcon.colcon_core.package_identification:_identify(src/robots/engineer_interfaces) by extension 'ignore'
[0.185s] Level 1:colcon.colcon_core.package_identification:_identify(src/robots/engineer_interfaces) by extension 'ignore_ament_install'
[0.185s] Level 1:colcon.colcon_core.package_identification:_identify(src/robots/engineer_interfaces) by extensions ['colcon_pkg']
[0.185s] Level 1:colcon.colcon_core.package_identification:_identify(src/robots/engineer_interfaces) by extension 'colcon_pkg'
[0.185s] Level 1:colcon.colcon_core.package_identification:_identify(src/robots/engineer_interfaces) by extensions ['colcon_meta']
[0.186s] Level 1:colcon.colcon_core.package_identification:_identify(src/robots/engineer_interfaces) by extension 'colcon_meta'
[0.186s] Level 1:colcon.colcon_core.package_identification:_identify(src/robots/engineer_interfaces) by extensions ['ros']
[0.186s] Level 1:colcon.colcon_core.package_identification:_identify(src/robots/engineer_interfaces) by extension 'ros'
[0.186s] DEBUG:colcon.colcon_core.package_identification:Package 'src/robots/engineer_interfaces' with type 'ros.ament_cmake' and name 'engineer_interfaces'
[0.186s] Level 1:colcon.colcon_core.package_identification:_identify(src/robots/engineer_moveit_config) by extensions ['ignore', 'ignore_ament_install']
[0.186s] Level 1:colcon.colcon_core.package_identification:_identify(src/robots/engineer_moveit_config) by extension 'ignore'
[0.186s] Level 1:colcon.colcon_core.package_identification:_identify(src/robots/engineer_moveit_config) by extension 'ignore_ament_install'
[0.186s] Level 1:colcon.colcon_core.package_identification:_identify(src/robots/engineer_moveit_config) by extensions ['colcon_pkg']
[0.186s] Level 1:colcon.colcon_core.package_identification:_identify(src/robots/engineer_moveit_config) by extension 'colcon_pkg'
[0.186s] Level 1:colcon.colcon_core.package_identification:_identify(src/robots/engineer_moveit_config) by extensions ['colcon_meta']
[0.186s] Level 1:colcon.colcon_core.package_identification:_identify(src/robots/engineer_moveit_config) by extension 'colcon_meta'
[0.186s] Level 1:colcon.colcon_core.package_identification:_identify(src/robots/engineer_moveit_config) by extensions ['ros']
[0.186s] Level 1:colcon.colcon_core.package_identification:_identify(src/robots/engineer_moveit_config) by extension 'ros'
[0.187s] DEBUG:colcon.colcon_core.package_identification:Package 'src/robots/engineer_moveit_config' with type 'ros.ament_cmake' and name 'engineer_moveit_config'
[0.187s] Level 1:colcon.colcon_core.package_identification:_identify(src/system) by extensions ['ignore', 'ignore_ament_install']
[0.187s] Level 1:colcon.colcon_core.package_identification:_identify(src/system) by extension 'ignore'
[0.187s] Level 1:colcon.colcon_core.package_identification:_identify(src/system) by extension 'ignore_ament_install'
[0.187s] Level 1:colcon.colcon_core.package_identification:_identify(src/system) by extensions ['colcon_pkg']
[0.187s] Level 1:colcon.colcon_core.package_identification:_identify(src/system) by extension 'colcon_pkg'
[0.187s] Level 1:colcon.colcon_core.package_identification:_identify(src/system) by extensions ['colcon_meta']
[0.187s] Level 1:colcon.colcon_core.package_identification:_identify(src/system) by extension 'colcon_meta'
[0.187s] Level 1:colcon.colcon_core.package_identification:_identify(src/system) by extensions ['ros']
[0.187s] Level 1:colcon.colcon_core.package_identification:_identify(src/system) by extension 'ros'
[0.187s] Level 1:colcon.colcon_core.package_identification:_identify(src/system) by extensions ['cmake', 'python']
[0.187s] Level 1:colcon.colcon_core.package_identification:_identify(src/system) by extension 'cmake'
[0.187s] Level 1:colcon.colcon_core.package_identification:_identify(src/system) by extension 'python'
[0.187s] Level 1:colcon.colcon_core.package_identification:_identify(src/system) by extensions ['python_setup_py']
[0.187s] Level 1:colcon.colcon_core.package_identification:_identify(src/system) by extension 'python_setup_py'
[0.187s] Level 1:colcon.colcon_core.package_identification:_identify(src/system/teleop_collision_guard) by extensions ['ignore', 'ignore_ament_install']
[0.187s] Level 1:colcon.colcon_core.package_identification:_identify(src/system/teleop_collision_guard) by extension 'ignore'
[0.187s] Level 1:colcon.colcon_core.package_identification:_identify(src/system/teleop_collision_guard) by extension 'ignore_ament_install'
[0.187s] Level 1:colcon.colcon_core.package_identification:_identify(src/system/teleop_collision_guard) by extensions ['colcon_pkg']
[0.187s] Level 1:colcon.colcon_core.package_identification:_identify(src/system/teleop_collision_guard) by extension 'colcon_pkg'
[0.187s] Level 1:colcon.colcon_core.package_identification:_identify(src/system/teleop_collision_guard) by extensions ['colcon_meta']
[0.187s] Level 1:colcon.colcon_core.package_identification:_identify(src/system/teleop_collision_guard) by extension 'colcon_meta'
[0.187s] Level 1:colcon.colcon_core.package_identification:_identify(src/system/teleop_collision_guard) by extensions ['ros']
[0.187s] Level 1:colcon.colcon_core.package_identification:_identify(src/system/teleop_collision_guard) by extension 'ros'
[0.188s] DEBUG:colcon.colcon_core.package_identification:Package 'src/system/teleop_collision_guard' with type 'ros.ament_cmake' and name 'teleop_collision_guard'
[0.188s] Level 1:colcon.colcon_core.package_identification:_identify(src/system/teleop_input_adapter) by extensions ['ignore', 'ignore_ament_install']
[0.188s] Level 1:colcon.colcon_core.package_identification:_identify(src/system/teleop_input_adapter) by extension 'ignore'
[0.188s] Level 1:colcon.colcon_core.package_identification:_identify(src/system/teleop_input_adapter) by extension 'ignore_ament_install'
[0.188s] Level 1:colcon.colcon_core.package_identification:_identify(src/system/teleop_input_adapter) by extensions ['colcon_pkg']
[0.188s] Level 1:colcon.colcon_core.package_identification:_identify(src/system/teleop_input_adapter) by extension 'colcon_pkg'
[0.188s] Level 1:colcon.colcon_core.package_identification:_identify(src/system/teleop_input_adapter) by extensions ['colcon_meta']
[0.188s] Level 1:colcon.colcon_core.package_identification:_identify(src/system/teleop_input_adapter) by extension 'colcon_meta'
[0.188s] Level 1:colcon.colcon_core.package_identification:_identify(src/system/teleop_input_adapter) by extensions ['ros']
[0.188s] Level 1:colcon.colcon_core.package_identification:_identify(src/system/teleop_input_adapter) by extension 'ros'
[0.188s] DEBUG:colcon.colcon_core.package_identification:Package 'src/system/teleop_input_adapter' with type 'ros.ament_cmake' and name 'teleop_input_adapter'
[0.188s] Level 1:colcon.colcon_core.package_identification:_identify(src/system/top_hfsm_core_v2) by extensions ['ignore', 'ignore_ament_install']
[0.188s] Level 1:colcon.colcon_core.package_identification:_identify(src/system/top_hfsm_core_v2) by extension 'ignore'
[0.188s] Level 1:colcon.colcon_core.package_identification:_identify(src/system/top_hfsm_core_v2) by extension 'ignore_ament_install'
[0.188s] Level 1:colcon.colcon_core.package_identification:_identify(src/system/top_hfsm_core_v2) by extensions ['colcon_pkg']
[0.188s] Level 1:colcon.colcon_core.package_identification:_identify(src/system/top_hfsm_core_v2) by extension 'colcon_pkg'
[0.188s] Level 1:colcon.colcon_core.package_identification:_identify(src/system/top_hfsm_core_v2) by extensions ['colcon_meta']
[0.188s] Level 1:colcon.colcon_core.package_identification:_identify(src/system/top_hfsm_core_v2) by extension 'colcon_meta'
[0.188s] Level 1:colcon.colcon_core.package_identification:_identify(src/system/top_hfsm_core_v2) by extensions ['ros']
[0.188s] Level 1:colcon.colcon_core.package_identification:_identify(src/system/top_hfsm_core_v2) by extension 'ros'
[0.189s] DEBUG:colcon.colcon_core.package_identification:Package 'src/system/top_hfsm_core_v2' with type 'ros.ament_cmake' and name 'top_hfsm_core_v2'
[0.189s] Level 1:colcon.colcon_core.package_identification:_identify(src/system/top_hfsm_executors) by extensions ['ignore', 'ignore_ament_install']
[0.189s] Level 1:colcon.colcon_core.package_identification:_identify(src/system/top_hfsm_executors) by extension 'ignore'
[0.189s] Level 1:colcon.colcon_core.package_identification:_identify(src/system/top_hfsm_executors) by extension 'ignore_ament_install'
[0.189s] Level 1:colcon.colcon_core.package_identification:_identify(src/system/top_hfsm_executors) by extensions ['colcon_pkg']
[0.189s] Level 1:colcon.colcon_core.package_identification:_identify(src/system/top_hfsm_executors) by extension 'colcon_pkg'
[0.189s] Level 1:colcon.colcon_core.package_identification:_identify(src/system/top_hfsm_executors) by extensions ['colcon_meta']
[0.189s] Level 1:colcon.colcon_core.package_identification:_identify(src/system/top_hfsm_executors) by extension 'colcon_meta'
[0.189s] Level 1:colcon.colcon_core.package_identification:_identify(src/system/top_hfsm_executors) by extensions ['ros']
[0.189s] Level 1:colcon.colcon_core.package_identification:_identify(src/system/top_hfsm_executors) by extension 'ros'
[0.189s] DEBUG:colcon.colcon_core.package_identification:Package 'src/system/top_hfsm_executors' with type 'ros.ament_cmake' and name 'top_hfsm_executors'
[0.189s] Level 1:colcon.colcon_core.package_identification:_identify(src/system/top_hfsm_executors_v2) by extensions ['ignore', 'ignore_ament_install']
[0.190s] Level 1:colcon.colcon_core.package_identification:_identify(src/system/top_hfsm_executors_v2) by extension 'ignore'
[0.190s] Level 1:colcon.colcon_core.package_identification:_identify(src/system/top_hfsm_executors_v2) by extension 'ignore_ament_install'
[0.190s] Level 1:colcon.colcon_core.package_identification:_identify(src/system/top_hfsm_executors_v2) by extensions ['colcon_pkg']
[0.190s] Level 1:colcon.colcon_core.package_identification:_identify(src/system/top_hfsm_executors_v2) by extension 'colcon_pkg'
[0.190s] Level 1:colcon.colcon_core.package_identification:_identify(src/system/top_hfsm_executors_v2) by extensions ['colcon_meta']
[0.190s] Level 1:colcon.colcon_core.package_identification:_identify(src/system/top_hfsm_executors_v2) by extension 'colcon_meta'
[0.190s] Level 1:colcon.colcon_core.package_identification:_identify(src/system/top_hfsm_executors_v2) by extensions ['ros']
[0.190s] Level 1:colcon.colcon_core.package_identification:_identify(src/system/top_hfsm_executors_v2) by extension 'ros'
[0.190s] DEBUG:colcon.colcon_core.package_identification:Package 'src/system/top_hfsm_executors_v2' with type 'ros.ament_cmake' and name 'top_hfsm_executors_v2'
[0.190s] Level 1:colcon.colcon_core.package_identification:_identify(src/system/top_hfsm_node) by extensions ['ignore', 'ignore_ament_install']
[0.190s] Level 1:colcon.colcon_core.package_identification:_identify(src/system/top_hfsm_node) by extension 'ignore'
[0.190s] Level 1:colcon.colcon_core.package_identification:_identify(src/system/top_hfsm_node) by extension 'ignore_ament_install'
[0.190s] Level 1:colcon.colcon_core.package_identification:_identify(src/system/top_hfsm_node) by extensions ['colcon_pkg']
[0.190s] Level 1:colcon.colcon_core.package_identification:_identify(src/system/top_hfsm_node) by extension 'colcon_pkg'
[0.190s] Level 1:colcon.colcon_core.package_identification:_identify(src/system/top_hfsm_node) by extensions ['colcon_meta']
[0.190s] Level 1:colcon.colcon_core.package_identification:_identify(src/system/top_hfsm_node) by extension 'colcon_meta'
[0.190s] Level 1:colcon.colcon_core.package_identification:_identify(src/system/top_hfsm_node) by extensions ['ros']
[0.190s] Level 1:colcon.colcon_core.package_identification:_identify(src/system/top_hfsm_node) by extension 'ros'
[0.191s] DEBUG:colcon.colcon_core.package_identification:Package 'src/system/top_hfsm_node' with type 'ros.ament_cmake' and name 'top_hfsm'
[0.191s] Level 1:colcon.colcon_core.package_identification:_identify(src/system/top_hfsm_node_v2) by extensions ['ignore', 'ignore_ament_install']
[0.191s] Level 1:colcon.colcon_core.package_identification:_identify(src/system/top_hfsm_node_v2) by extension 'ignore'
[0.191s] Level 1:colcon.colcon_core.package_identification:_identify(src/system/top_hfsm_node_v2) by extension 'ignore_ament_install'
[0.191s] Level 1:colcon.colcon_core.package_identification:_identify(src/system/top_hfsm_node_v2) by extensions ['colcon_pkg']
[0.191s] Level 1:colcon.colcon_core.package_identification:_identify(src/system/top_hfsm_node_v2) by extension 'colcon_pkg'
[0.191s] Level 1:colcon.colcon_core.package_identification:_identify(src/system/top_hfsm_node_v2) by extensions ['colcon_meta']
[0.191s] Level 1:colcon.colcon_core.package_identification:_identify(src/system/top_hfsm_node_v2) by extension 'colcon_meta'
[0.191s] Level 1:colcon.colcon_core.package_identification:_identify(src/system/top_hfsm_node_v2) by extensions ['ros']
[0.191s] Level 1:colcon.colcon_core.package_identification:_identify(src/system/top_hfsm_node_v2) by extension 'ros'
[0.192s] DEBUG:colcon.colcon_core.package_identification:Package 'src/system/top_hfsm_node_v2' with type 'ros.ament_cmake' and name 'top_hfsm_node_v2'
[0.192s] Level 1:colcon.colcon_core.package_identification:_identify(src/teleop) by extensions ['ignore', 'ignore_ament_install']
[0.192s] Level 1:colcon.colcon_core.package_identification:_identify(src/teleop) by extension 'ignore'
[0.192s] Level 1:colcon.colcon_core.package_identification:_identify(src/teleop) by extension 'ignore_ament_install'
[0.192s] Level 1:colcon.colcon_core.package_identification:_identify(src/teleop) by extensions ['colcon_pkg']
[0.192s] Level 1:colcon.colcon_core.package_identification:_identify(src/teleop) by extension 'colcon_pkg'
[0.192s] Level 1:colcon.colcon_core.package_identification:_identify(src/teleop) by extensions ['colcon_meta']
[0.192s] Level 1:colcon.colcon_core.package_identification:_identify(src/teleop) by extension 'colcon_meta'
[0.192s] Level 1:colcon.colcon_core.package_identification:_identify(src/teleop) by extensions ['ros']
[0.192s] Level 1:colcon.colcon_core.package_identification:_identify(src/teleop) by extension 'ros'
[0.192s] Level 1:colcon.colcon_core.package_identification:_identify(src/teleop) by extensions ['cmake', 'python']
[0.192s] Level 1:colcon.colcon_core.package_identification:_identify(src/teleop) by extension 'cmake'
[0.192s] Level 1:colcon.colcon_core.package_identification:_identify(src/teleop) by extension 'python'
[0.192s] Level 1:colcon.colcon_core.package_identification:_identify(src/teleop) by extensions ['python_setup_py']
[0.192s] Level 1:colcon.colcon_core.package_identification:_identify(src/teleop) by extension 'python_setup_py'
[0.192s] Level 1:colcon.colcon_core.package_identification:_identify(src/teleop/teleop_node) by extensions ['ignore', 'ignore_ament_install']
[0.192s] Level 1:colcon.colcon_core.package_identification:_identify(src/teleop/teleop_node) by extension 'ignore'
[0.192s] Level 1:colcon.colcon_core.package_identification:_identify(src/teleop/teleop_node) by extension 'ignore_ament_install'
[0.192s] Level 1:colcon.colcon_core.package_identification:_identify(src/teleop/teleop_node) by extensions ['colcon_pkg']
[0.192s] Level 1:colcon.colcon_core.package_identification:_identify(src/teleop/teleop_node) by extension 'colcon_pkg'
[0.192s] Level 1:colcon.colcon_core.package_identification:_identify(src/teleop/teleop_node) by extensions ['colcon_meta']
[0.192s] Level 1:colcon.colcon_core.package_identification:_identify(src/teleop/teleop_node) by extension 'colcon_meta'
[0.192s] Level 1:colcon.colcon_core.package_identification:_identify(src/teleop/teleop_node) by extensions ['ros']
[0.192s] Level 1:colcon.colcon_core.package_identification:_identify(src/teleop/teleop_node) by extension 'ros'
[0.193s] DEBUG:colcon.colcon_core.package_identification:Package 'src/teleop/teleop_node' with type 'ros.ament_cmake' and name 'teleop_node_v1'
[0.193s] Level 1:colcon.colcon_core.package_identification:_identify(src/teleop/teleop_node_v1) by extensions ['ignore', 'ignore_ament_install']
[0.193s] Level 1:colcon.colcon_core.package_identification:_identify(src/teleop/teleop_node_v1) by extension 'ignore'
[0.193s] Level 1:colcon.colcon_core.package_identification:_identify(src/teleop/teleop_node_v1) by extension 'ignore_ament_install'
[0.193s] Level 1:colcon.colcon_core.package_identification:_identify(src/teleop/teleop_node_v1) by extensions ['colcon_pkg']
[0.193s] Level 1:colcon.colcon_core.package_identification:_identify(src/teleop/teleop_node_v1) by extension 'colcon_pkg'
[0.193s] Level 1:colcon.colcon_core.package_identification:_identify(src/teleop/teleop_node_v1) by extensions ['colcon_meta']
[0.193s] Level 1:colcon.colcon_core.package_identification:_identify(src/teleop/teleop_node_v1) by extension 'colcon_meta'
[0.193s] Level 1:colcon.colcon_core.package_identification:_identify(src/teleop/teleop_node_v1) by extensions ['ros']
[0.193s] Level 1:colcon.colcon_core.package_identification:_identify(src/teleop/teleop_node_v1) by extension 'ros'
[0.194s] DEBUG:colcon.colcon_core.package_identification:Package 'src/teleop/teleop_node_v1' with type 'ros.ament_cmake' and name 'teleop_node'
[0.194s] Level 1:colcon.colcon_core.package_identification:_identify(src/tools) by extensions ['ignore', 'ignore_ament_install']
[0.194s] Level 1:colcon.colcon_core.package_identification:_identify(src/tools) by extension 'ignore'
[0.194s] Level 1:colcon.colcon_core.package_identification:_identify(src/tools) by extension 'ignore_ament_install'
[0.194s] Level 1:colcon.colcon_core.package_identification:_identify(src/tools) by extensions ['colcon_pkg']
[0.194s] Level 1:colcon.colcon_core.package_identification:_identify(src/tools) by extension 'colcon_pkg'
[0.194s] Level 1:colcon.colcon_core.package_identification:_identify(src/tools) by extensions ['colcon_meta']
[0.194s] Level 1:colcon.colcon_core.package_identification:_identify(src/tools) by extension 'colcon_meta'
[0.194s] Level 1:colcon.colcon_core.package_identification:_identify(src/tools) by extensions ['ros']
[0.194s] Level 1:colcon.colcon_core.package_identification:_identify(src/tools) by extension 'ros'
[0.194s] Level 1:colcon.colcon_core.package_identification:_identify(src/tools) by extensions ['cmake', 'python']
[0.194s] Level 1:colcon.colcon_core.package_identification:_identify(src/tools) by extension 'cmake'
[0.194s] Level 1:colcon.colcon_core.package_identification:_identify(src/tools) by extension 'python'
[0.194s] Level 1:colcon.colcon_core.package_identification:_identify(src/tools) by extensions ['python_setup_py']
[0.194s] Level 1:colcon.colcon_core.package_identification:_identify(src/tools) by extension 'python_setup_py'
[0.194s] Level 1:colcon.colcon_core.package_identification:_identify(src/tools/ee_path_node) by extensions ['ignore', 'ignore_ament_install']
[0.194s] Level 1:colcon.colcon_core.package_identification:_identify(src/tools/ee_path_node) by extension 'ignore'
[0.194s] Level 1:colcon.colcon_core.package_identification:_identify(src/tools/ee_path_node) by extension 'ignore_ament_install'
[0.194s] Level 1:colcon.colcon_core.package_identification:_identify(src/tools/ee_path_node) by extensions ['colcon_pkg']
[0.194s] Level 1:colcon.colcon_core.package_identification:_identify(src/tools/ee_path_node) by extension 'colcon_pkg'
[0.194s] Level 1:colcon.colcon_core.package_identification:_identify(src/tools/ee_path_node) by extensions ['colcon_meta']
[0.194s] Level 1:colcon.colcon_core.package_identification:_identify(src/tools/ee_path_node) by extension 'colcon_meta'
[0.194s] Level 1:colcon.colcon_core.package_identification:_identify(src/tools/ee_path_node) by extensions ['ros']
[0.194s] Level 1:colcon.colcon_core.package_identification:_identify(src/tools/ee_path_node) by extension 'ros'
[0.195s] DEBUG:colcon.colcon_core.package_identification:Package 'src/tools/ee_path_node' with type 'ros.ament_cmake' and name 'ee_path_node'
[0.195s] Level 1:colcon.colcon_core.package_identification:_identify(src/utils) by extensions ['ignore', 'ignore_ament_install']
[0.195s] Level 1:colcon.colcon_core.package_identification:_identify(src/utils) by extension 'ignore'
[0.195s] Level 1:colcon.colcon_core.package_identification:_identify(src/utils) by extension 'ignore_ament_install'
[0.195s] Level 1:colcon.colcon_core.package_identification:_identify(src/utils) by extensions ['colcon_pkg']
[0.195s] Level 1:colcon.colcon_core.package_identification:_identify(src/utils) by extension 'colcon_pkg'
[0.195s] Level 1:colcon.colcon_core.package_identification:_identify(src/utils) by extensions ['colcon_meta']
[0.195s] Level 1:colcon.colcon_core.package_identification:_identify(src/utils) by extension 'colcon_meta'
[0.195s] Level 1:colcon.colcon_core.package_identification:_identify(src/utils) by extensions ['ros']
[0.195s] Level 1:colcon.colcon_core.package_identification:_identify(src/utils) by extension 'ros'
[0.195s] Level 1:colcon.colcon_core.package_identification:_identify(src/utils) by extensions ['cmake', 'python']
[0.195s] Level 1:colcon.colcon_core.package_identification:_identify(src/utils) by extension 'cmake'
[0.195s] Level 1:colcon.colcon_core.package_identification:_identify(src/utils) by extension 'python'
[0.195s] Level 1:colcon.colcon_core.package_identification:_identify(src/utils) by extensions ['python_setup_py']
[0.195s] Level 1:colcon.colcon_core.package_identification:_identify(src/utils) by extension 'python_setup_py'
[0.195s] Level 1:colcon.colcon_core.package_identification:_identify(src/utils/error_code_utils) by extensions ['ignore', 'ignore_ament_install']
[0.195s] Level 1:colcon.colcon_core.package_identification:_identify(src/utils/error_code_utils) by extension 'ignore'
[0.195s] Level 1:colcon.colcon_core.package_identification:_identify(src/utils/error_code_utils) by extension 'ignore_ament_install'
[0.195s] Level 1:colcon.colcon_core.package_identification:_identify(src/utils/error_code_utils) by extensions ['colcon_pkg']
[0.195s] Level 1:colcon.colcon_core.package_identification:_identify(src/utils/error_code_utils) by extension 'colcon_pkg'
[0.195s] Level 1:colcon.colcon_core.package_identification:_identify(src/utils/error_code_utils) by extensions ['colcon_meta']
[0.195s] Level 1:colcon.colcon_core.package_identification:_identify(src/utils/error_code_utils) by extension 'colcon_meta'
[0.195s] Level 1:colcon.colcon_core.package_identification:_identify(src/utils/error_code_utils) by extensions ['ros']
[0.195s] Level 1:colcon.colcon_core.package_identification:_identify(src/utils/error_code_utils) by extension 'ros'
[0.195s] DEBUG:colcon.colcon_core.package_identification:Package 'src/utils/error_code_utils' with type 'ros.ament_cmake' and name 'error_code_utils'
[0.195s] Level 1:colcon.colcon_core.package_identification:_identify(src/utils/hub_utils) by extensions ['ignore', 'ignore_ament_install']
[0.195s] Level 1:colcon.colcon_core.package_identification:_identify(src/utils/hub_utils) by extension 'ignore'
[0.195s] Level 1:colcon.colcon_core.package_identification:_identify(src/utils/hub_utils) by extension 'ignore_ament_install'
[0.195s] Level 1:colcon.colcon_core.package_identification:_identify(src/utils/hub_utils) by extensions ['colcon_pkg']
[0.195s] Level 1:colcon.colcon_core.package_identification:_identify(src/utils/hub_utils) by extension 'colcon_pkg'
[0.195s] Level 1:colcon.colcon_core.package_identification:_identify(src/utils/hub_utils) by extensions ['colcon_meta']
[0.196s] Level 1:colcon.colcon_core.package_identification:_identify(src/utils/hub_utils) by extension 'colcon_meta'
[0.196s] Level 1:colcon.colcon_core.package_identification:_identify(src/utils/hub_utils) by extensions ['ros']
[0.196s] Level 1:colcon.colcon_core.package_identification:_identify(src/utils/hub_utils) by extension 'ros'
[0.196s] DEBUG:colcon.colcon_core.package_identification:Package 'src/utils/hub_utils' with type 'ros.ament_cmake' and name 'hub_utils'
[0.196s] Level 1:colcon.colcon_core.package_identification:_identify(src/utils/log_utils) by extensions ['ignore', 'ignore_ament_install']
[0.196s] Level 1:colcon.colcon_core.package_identification:_identify(src/utils/log_utils) by extension 'ignore'
[0.196s] Level 1:colcon.colcon_core.package_identification:_identify(src/utils/log_utils) by extension 'ignore_ament_install'
[0.196s] Level 1:colcon.colcon_core.package_identification:_identify(src/utils/log_utils) by extensions ['colcon_pkg']
[0.196s] Level 1:colcon.colcon_core.package_identification:_identify(src/utils/log_utils) by extension 'colcon_pkg'
[0.196s] Level 1:colcon.colcon_core.package_identification:_identify(src/utils/log_utils) by extensions ['colcon_meta']
[0.196s] Level 1:colcon.colcon_core.package_identification:_identify(src/utils/log_utils) by extension 'colcon_meta'
[0.196s] Level 1:colcon.colcon_core.package_identification:_identify(src/utils/log_utils) by extensions ['ros']
[0.196s] Level 1:colcon.colcon_core.package_identification:_identify(src/utils/log_utils) by extension 'ros'
[0.196s] DEBUG:colcon.colcon_core.package_identification:Package 'src/utils/log_utils' with type 'ros.ament_cmake' and name 'log_utils'
[0.196s] Level 1:colcon.colcon_core.package_identification:_identify(src/vision) by extensions ['ignore', 'ignore_ament_install']
[0.196s] Level 1:colcon.colcon_core.package_identification:_identify(src/vision) by extension 'ignore'
[0.196s] Level 1:colcon.colcon_core.package_identification:_identify(src/vision) by extension 'ignore_ament_install'
[0.196s] Level 1:colcon.colcon_core.package_identification:_identify(src/vision) by extensions ['colcon_pkg']
[0.196s] Level 1:colcon.colcon_core.package_identification:_identify(src/vision) by extension 'colcon_pkg'
[0.196s] Level 1:colcon.colcon_core.package_identification:_identify(src/vision) by extensions ['colcon_meta']
[0.196s] Level 1:colcon.colcon_core.package_identification:_identify(src/vision) by extension 'colcon_meta'
[0.196s] Level 1:colcon.colcon_core.package_identification:_identify(src/vision) by extensions ['ros']
[0.196s] Level 1:colcon.colcon_core.package_identification:_identify(src/vision) by extension 'ros'
[0.197s] Level 1:colcon.colcon_core.package_identification:_identify(src/vision) by extensions ['cmake', 'python']
[0.197s] Level 1:colcon.colcon_core.package_identification:_identify(src/vision) by extension 'cmake'
[0.197s] Level 1:colcon.colcon_core.package_identification:_identify(src/vision) by extension 'python'
[0.197s] Level 1:colcon.colcon_core.package_identification:_identify(src/vision) by extensions ['python_setup_py']
[0.197s] Level 1:colcon.colcon_core.package_identification:_identify(src/vision) by extension 'python_setup_py'
[0.197s] Level 1:colcon.colcon_core.package_identification:_identify(src/vision/YOLOs-CPP) by extensions ['ignore', 'ignore_ament_install']
[0.197s] Level 1:colcon.colcon_core.package_identification:_identify(src/vision/YOLOs-CPP) by extension 'ignore'
[0.197s] Level 1:colcon.colcon_core.package_identification:_identify(src/vision/YOLOs-CPP) by extension 'ignore_ament_install'
[0.197s] Level 1:colcon.colcon_core.package_identification:_identify(src/vision/YOLOs-CPP) by extensions ['colcon_pkg']
[0.197s] Level 1:colcon.colcon_core.package_identification:_identify(src/vision/YOLOs-CPP) by extension 'colcon_pkg'
[0.197s] Level 1:colcon.colcon_core.package_identification:_identify(src/vision/YOLOs-CPP) by extensions ['colcon_meta']
[0.197s] Level 1:colcon.colcon_core.package_identification:_identify(src/vision/YOLOs-CPP) by extension 'colcon_meta'
[0.197s] Level 1:colcon.colcon_core.package_identification:_identify(src/vision/YOLOs-CPP) by extensions ['ros']
[0.197s] Level 1:colcon.colcon_core.package_identification:_identify(src/vision/YOLOs-CPP) by extension 'ros'
[0.197s] Level 1:colcon.colcon_core.package_identification:_identify(src/vision/YOLOs-CPP) by extensions ['cmake', 'python']
[0.197s] Level 1:colcon.colcon_core.package_identification:_identify(src/vision/YOLOs-CPP) by extension 'cmake'
[0.200s] Level 1:colcon.colcon_core.package_identification:_identify(src/vision/YOLOs-CPP) by extension 'python'
[0.200s] DEBUG:colcon.colcon_core.package_identification:Package 'src/vision/YOLOs-CPP' with type 'cmake' and name 'YOLOs-CPP'
[0.200s] Level 1:colcon.colcon_core.package_identification:_identify(src/vision/detect_node) by extensions ['ignore', 'ignore_ament_install']
[0.200s] Level 1:colcon.colcon_core.package_identification:_identify(src/vision/detect_node) by extension 'ignore'
[0.200s] Level 1:colcon.colcon_core.package_identification:_identify(src/vision/detect_node) by extension 'ignore_ament_install'
[0.200s] Level 1:colcon.colcon_core.package_identification:_identify(src/vision/detect_node) by extensions ['colcon_pkg']
[0.200s] Level 1:colcon.colcon_core.package_identification:_identify(src/vision/detect_node) by extension 'colcon_pkg'
[0.200s] Level 1:colcon.colcon_core.package_identification:_identify(src/vision/detect_node) by extensions ['colcon_meta']
[0.200s] Level 1:colcon.colcon_core.package_identification:_identify(src/vision/detect_node) by extension 'colcon_meta'
[0.201s] Level 1:colcon.colcon_core.package_identification:_identify(src/vision/detect_node) by extensions ['ros']
[0.201s] Level 1:colcon.colcon_core.package_identification:_identify(src/vision/detect_node) by extension 'ros'
[0.201s] DEBUG:colcon.colcon_core.package_identification:Package 'src/vision/detect_node' with type 'ros.ament_cmake' and name 'detect_node'
[0.201s] Level 1:colcon.colcon_core.package_identification:_identify(src/vision/realsense-ros) by extensions ['ignore', 'ignore_ament_install']
[0.201s] Level 1:colcon.colcon_core.package_identification:_identify(src/vision/realsense-ros) by extension 'ignore'
[0.201s] Level 1:colcon.colcon_core.package_identification:_identify(src/vision/realsense-ros) by extension 'ignore_ament_install'
[0.201s] Level 1:colcon.colcon_core.package_identification:_identify(src/vision/realsense-ros) by extensions ['colcon_pkg']
[0.201s] Level 1:colcon.colcon_core.package_identification:_identify(src/vision/realsense-ros) by extension 'colcon_pkg'
[0.201s] Level 1:colcon.colcon_core.package_identification:_identify(src/vision/realsense-ros) by extensions ['colcon_meta']
[0.201s] Level 1:colcon.colcon_core.package_identification:_identify(src/vision/realsense-ros) by extension 'colcon_meta'
[0.201s] Level 1:colcon.colcon_core.package_identification:_identify(src/vision/realsense-ros) by extensions ['ros']
[0.201s] Level 1:colcon.colcon_core.package_identification:_identify(src/vision/realsense-ros) by extension 'ros'
[0.201s] Level 1:colcon.colcon_core.package_identification:_identify(src/vision/realsense-ros) by extensions ['cmake', 'python']
[0.201s] Level 1:colcon.colcon_core.package_identification:_identify(src/vision/realsense-ros) by extension 'cmake'
[0.201s] Level 1:colcon.colcon_core.package_identification:_identify(src/vision/realsense-ros) by extension 'python'
[0.201s] Level 1:colcon.colcon_core.package_identification:_identify(src/vision/realsense-ros) by extensions ['python_setup_py']
[0.201s] Level 1:colcon.colcon_core.package_identification:_identify(src/vision/realsense-ros) by extension 'python_setup_py'
[0.201s] Level 1:colcon.colcon_core.package_identification:_identify(src/vision/realsense-ros/realsense2_camera) by extensions ['ignore', 'ignore_ament_install']
[0.202s] Level 1:colcon.colcon_core.package_identification:_identify(src/vision/realsense-ros/realsense2_camera) by extension 'ignore'
[0.202s] Level 1:colcon.colcon_core.package_identification:_identify(src/vision/realsense-ros/realsense2_camera) by extension 'ignore_ament_install'
[0.202s] Level 1:colcon.colcon_core.package_identification:_identify(src/vision/realsense-ros/realsense2_camera) by extensions ['colcon_pkg']
[0.202s] Level 1:colcon.colcon_core.package_identification:_identify(src/vision/realsense-ros/realsense2_camera) by extension 'colcon_pkg'
[0.202s] Level 1:colcon.colcon_core.package_identification:_identify(src/vision/realsense-ros/realsense2_camera) by extensions ['colcon_meta']
[0.202s] Level 1:colcon.colcon_core.package_identification:_identify(src/vision/realsense-ros/realsense2_camera) by extension 'colcon_meta'
[0.202s] Level 1:colcon.colcon_core.package_identification:_identify(src/vision/realsense-ros/realsense2_camera) by extensions ['ros']
[0.202s] Level 1:colcon.colcon_core.package_identification:_identify(src/vision/realsense-ros/realsense2_camera) by extension 'ros'
[0.205s] DEBUG:colcon.colcon_core.package_identification:Package 'src/vision/realsense-ros/realsense2_camera' with type 'ros.ament_cmake' and name 'realsense2_camera'
[0.205s] Level 1:colcon.colcon_core.package_identification:_identify(src/vision/realsense-ros/realsense2_camera_msgs) by extensions ['ignore', 'ignore_ament_install']
[0.205s] Level 1:colcon.colcon_core.package_identification:_identify(src/vision/realsense-ros/realsense2_camera_msgs) by extension 'ignore'
[0.205s] Level 1:colcon.colcon_core.package_identification:_identify(src/vision/realsense-ros/realsense2_camera_msgs) by extension 'ignore_ament_install'
[0.205s] Level 1:colcon.colcon_core.package_identification:_identify(src/vision/realsense-ros/realsense2_camera_msgs) by extensions ['colcon_pkg']
[0.205s] Level 1:colcon.colcon_core.package_identification:_identify(src/vision/realsense-ros/realsense2_camera_msgs) by extension 'colcon_pkg'
[0.205s] Level 1:colcon.colcon_core.package_identification:_identify(src/vision/realsense-ros/realsense2_camera_msgs) by extensions ['colcon_meta']
[0.205s] Level 1:colcon.colcon_core.package_identification:_identify(src/vision/realsense-ros/realsense2_camera_msgs) by extension 'colcon_meta'
[0.205s] Level 1:colcon.colcon_core.package_identification:_identify(src/vision/realsense-ros/realsense2_camera_msgs) by extensions ['ros']
[0.205s] Level 1:colcon.colcon_core.package_identification:_identify(src/vision/realsense-ros/realsense2_camera_msgs) by extension 'ros'
[0.206s] DEBUG:colcon.colcon_core.package_identification:Package 'src/vision/realsense-ros/realsense2_camera_msgs' with type 'ros.ament_cmake' and name 'realsense2_camera_msgs'
[0.206s] Level 1:colcon.colcon_core.package_identification:_identify(src/vision/realsense-ros/realsense2_description) by extensions ['ignore', 'ignore_ament_install']
[0.206s] Level 1:colcon.colcon_core.package_identification:_identify(src/vision/realsense-ros/realsense2_description) by extension 'ignore'
[0.206s] Level 1:colcon.colcon_core.package_identification:_identify(src/vision/realsense-ros/realsense2_description) by extension 'ignore_ament_install'
[0.206s] Level 1:colcon.colcon_core.package_identification:_identify(src/vision/realsense-ros/realsense2_description) by extensions ['colcon_pkg']
[0.206s] Level 1:colcon.colcon_core.package_identification:_identify(src/vision/realsense-ros/realsense2_description) by extension 'colcon_pkg'
[0.206s] Level 1:colcon.colcon_core.package_identification:_identify(src/vision/realsense-ros/realsense2_description) by extensions ['colcon_meta']
[0.206s] Level 1:colcon.colcon_core.package_identification:_identify(src/vision/realsense-ros/realsense2_description) by extension 'colcon_meta'
[0.206s] Level 1:colcon.colcon_core.package_identification:_identify(src/vision/realsense-ros/realsense2_description) by extensions ['ros']
[0.206s] Level 1:colcon.colcon_core.package_identification:_identify(src/vision/realsense-ros/realsense2_description) by extension 'ros'
[0.206s] DEBUG:colcon.colcon_core.package_identification:Package 'src/vision/realsense-ros/realsense2_description' with type 'ros.ament_cmake' and name 'realsense2_description'
[0.207s] Level 1:colcon.colcon_core.package_identification:_identify(src/vision/realsense-ros/realsense2_rgbd_plugin) by extensions ['ignore', 'ignore_ament_install']
[0.207s] Level 1:colcon.colcon_core.package_identification:_identify(src/vision/realsense-ros/realsense2_rgbd_plugin) by extension 'ignore'
[0.207s] Level 1:colcon.colcon_core.package_identification:_identify(src/vision/realsense-ros/realsense2_rgbd_plugin) by extension 'ignore_ament_install'
[0.207s] Level 1:colcon.colcon_core.package_identification:_identify(src/vision/realsense-ros/realsense2_rgbd_plugin) by extensions ['colcon_pkg']
[0.207s] Level 1:colcon.colcon_core.package_identification:_identify(src/vision/realsense-ros/realsense2_rgbd_plugin) by extension 'colcon_pkg'
[0.207s] Level 1:colcon.colcon_core.package_identification:_identify(src/vision/realsense-ros/realsense2_rgbd_plugin) by extensions ['colcon_meta']
[0.207s] Level 1:colcon.colcon_core.package_identification:_identify(src/vision/realsense-ros/realsense2_rgbd_plugin) by extension 'colcon_meta'
[0.207s] Level 1:colcon.colcon_core.package_identification:_identify(src/vision/realsense-ros/realsense2_rgbd_plugin) by extensions ['ros']
[0.207s] Level 1:colcon.colcon_core.package_identification:_identify(src/vision/realsense-ros/realsense2_rgbd_plugin) by extension 'ros'
[0.207s] DEBUG:colcon.colcon_core.package_identification:Package 'src/vision/realsense-ros/realsense2_rgbd_plugin' with type 'ros.ament_cmake' and name 'realsense2_rviz_plugin'
[0.207s] Level 1:colcon.colcon_core.package_identification:_identify(src/vision/realsense-ros/realsense2_ros_mqtt_bridge) by extensions ['ignore', 'ignore_ament_install']
[0.207s] Level 1:colcon.colcon_core.package_identification:_identify(src/vision/realsense-ros/realsense2_ros_mqtt_bridge) by extension 'ignore'
[0.207s] Level 1:colcon.colcon_core.package_identification:_identify(src/vision/realsense-ros/realsense2_ros_mqtt_bridge) by extension 'ignore_ament_install'
[0.207s] Level 1:colcon.colcon_core.package_identification:_identify(src/vision/realsense-ros/realsense2_ros_mqtt_bridge) by extensions ['colcon_pkg']
[0.207s] Level 1:colcon.colcon_core.package_identification:_identify(src/vision/realsense-ros/realsense2_ros_mqtt_bridge) by extension 'colcon_pkg'
[0.207s] Level 1:colcon.colcon_core.package_identification:_identify(src/vision/realsense-ros/realsense2_ros_mqtt_bridge) by extensions ['colcon_meta']
[0.207s] Level 1:colcon.colcon_core.package_identification:_identify(src/vision/realsense-ros/realsense2_ros_mqtt_bridge) by extension 'colcon_meta'
[0.207s] Level 1:colcon.colcon_core.package_identification:_identify(src/vision/realsense-ros/realsense2_ros_mqtt_bridge) by extensions ['ros']
[0.207s] Level 1:colcon.colcon_core.package_identification:_identify(src/vision/realsense-ros/realsense2_ros_mqtt_bridge) by extension 'ros'
[0.208s] DEBUG:colcon.colcon_core.package_identification:Package 'src/vision/realsense-ros/realsense2_ros_mqtt_bridge' with type 'ros.ament_python' and name 'realsense2_ros_mqtt_bridge'
[0.208s] Level 1:colcon.colcon_core.package_identification:_identify(src/vision/realsense-ros/res) by extensions ['ignore', 'ignore_ament_install']
[0.208s] Level 1:colcon.colcon_core.package_identification:_identify(src/vision/realsense-ros/res) by extension 'ignore'
[0.208s] Level 1:colcon.colcon_core.package_identification:_identify(src/vision/realsense-ros/res) by extension 'ignore_ament_install'
[0.208s] Level 1:colcon.colcon_core.package_identification:_identify(src/vision/realsense-ros/res) by extensions ['colcon_pkg']
[0.208s] Level 1:colcon.colcon_core.package_identification:_identify(src/vision/realsense-ros/res) by extension 'colcon_pkg'
[0.208s] Level 1:colcon.colcon_core.package_identification:_identify(src/vision/realsense-ros/res) by extensions ['colcon_meta']
[0.208s] Level 1:colcon.colcon_core.package_identification:_identify(src/vision/realsense-ros/res) by extension 'colcon_meta'
[0.208s] Level 1:colcon.colcon_core.package_identification:_identify(src/vision/realsense-ros/res) by extensions ['ros']
[0.208s] Level 1:colcon.colcon_core.package_identification:_identify(src/vision/realsense-ros/res) by extension 'ros'
[0.208s] Level 1:colcon.colcon_core.package_identification:_identify(src/vision/realsense-ros/res) by extensions ['cmake', 'python']
[0.208s] Level 1:colcon.colcon_core.package_identification:_identify(src/vision/realsense-ros/res) by extension 'cmake'
[0.208s] Level 1:colcon.colcon_core.package_identification:_identify(src/vision/realsense-ros/res) by extension 'python'
[0.208s] Level 1:colcon.colcon_core.package_identification:_identify(src/vision/realsense-ros/res) by extensions ['python_setup_py']
[0.208s] Level 1:colcon.colcon_core.package_identification:_identify(src/vision/realsense-ros/res) by extension 'python_setup_py'
[0.208s] Level 1:colcon.colcon_core.package_identification:_identify(src/vision/realsense-ros/scripts) by extensions ['ignore', 'ignore_ament_install']
[0.208s] Level 1:colcon.colcon_core.package_identification:_identify(src/vision/realsense-ros/scripts) by extension 'ignore'
[0.208s] Level 1:colcon.colcon_core.package_identification:_identify(src/vision/realsense-ros/scripts) by extension 'ignore_ament_install'
[0.208s] Level 1:colcon.colcon_core.package_identification:_identify(src/vision/realsense-ros/scripts) by extensions ['colcon_pkg']
[0.208s] Level 1:colcon.colcon_core.package_identification:_identify(src/vision/realsense-ros/scripts) by extension 'colcon_pkg'
[0.208s] Level 1:colcon.colcon_core.package_identification:_identify(src/vision/realsense-ros/scripts) by extensions ['colcon_meta']
[0.208s] Level 1:colcon.colcon_core.package_identification:_identify(src/vision/realsense-ros/scripts) by extension 'colcon_meta'
[0.208s] Level 1:colcon.colcon_core.package_identification:_identify(src/vision/realsense-ros/scripts) by extensions ['ros']
[0.208s] Level 1:colcon.colcon_core.package_identification:_identify(src/vision/realsense-ros/scripts) by extension 'ros'
[0.208s] Level 1:colcon.colcon_core.package_identification:_identify(src/vision/realsense-ros/scripts) by extensions ['cmake', 'python']
[0.208s] Level 1:colcon.colcon_core.package_identification:_identify(src/vision/realsense-ros/scripts) by extension 'cmake'
[0.208s] Level 1:colcon.colcon_core.package_identification:_identify(src/vision/realsense-ros/scripts) by extension 'python'
[0.208s] Level 1:colcon.colcon_core.package_identification:_identify(src/vision/realsense-ros/scripts) by extensions ['python_setup_py']
[0.208s] Level 1:colcon.colcon_core.package_identification:_identify(src/vision/realsense-ros/scripts) by extension 'python_setup_py'
[0.208s] Level 1:colcon.colcon_core.package_discovery:discover_packages(recursive) using defaults
[0.208s] Level 1:colcon.colcon_core.package_discovery:discover_packages(ignore) discover
[0.208s] Level 1:colcon.colcon_core.package_discovery:discover_packages(ignore) using defaults
[0.208s] Level 1:colcon.colcon_core.package_discovery:discover_packages(path) discover
[0.208s] Level 1:colcon.colcon_core.package_discovery:discover_packages(path) using defaults
