[0.079s] DEBUG:colcon:Command line arguments: ['/usr/bin/colcon', 'build', '--packages-select', 'solve_core', '--event-handlers', 'console_direct+']
[0.079s] DEBUG:colcon:Parsed command line arguments: Namespace(log_base=None, log_level=None, verb_name='build', build_base='build', install_base='install', merge_install=False, symlink_install=False, test_result_base=None, continue_on_error=False, executor='parallel', parallel_workers=16, event_handlers=['console_direct+'], ignore_user_meta=False, metas=['./colcon.meta'], base_paths=['.'], packages_ignore=None, packages_ignore_regex=None, paths=None, packages_up_to=None, packages_up_to_regex=None, packages_above=None, packages_above_and_dependencies=None, packages_above_depth=None, packages_select_by_dep=None, packages_skip_by_dep=None, packages_skip_up_to=None, packages_select_build_failed=False, packages_skip_build_finished=False, packages_select_test_failures=False, packages_skip_test_passed=False, packages_select=['solve_core'], packages_skip=None, packages_select_regex=None, packages_skip_regex=None, packages_start=None, packages_end=None, allow_overriding=[], cmake_args=None, cmake_target=None, cmake_target_skip_unavailable=False, cmake_clean_cache=False, cmake_clean_first=False, cmake_force_configure=False, ament_cmake_args=None, catkin_cmake_args=None, catkin_skip_building_tests=False, mixin_files=None, mixin=None, verb_parser=<colcon_mixin.mixin.mixin_argument.MixinArgumentDecorator object at 0x7d6310255b10>, verb_extension=<colcon_core.verb.build.BuildVerb object at 0x7d631035ab00>, main=<bound method BuildVerb.main of <colcon_core.verb.build.BuildVerb object at 0x7d631035ab00>>, mixin_verb=('build',))
[0.185s] Level 1:colcon.colcon_core.package_discovery:discover_packages(colcon_meta) check parameters
[0.185s] Level 1:colcon.colcon_core.package_discovery:discover_packages(recursive) check parameters
[0.185s] Level 1:colcon.colcon_core.package_discovery:discover_packages(ignore) check parameters
[0.185s] Level 1:colcon.colcon_core.package_discovery:discover_packages(path) check parameters
[0.185s] Level 1:colcon.colcon_core.package_discovery:discover_packages(colcon_meta) discover
[0.185s] Level 1:colcon.colcon_core.package_discovery:discover_packages(recursive) discover
[0.185s] INFO:colcon.colcon_core.package_discovery:Crawling recursively for packages in '/home/zc/rm_engineer'
[0.185s] Level 1:colcon.colcon_core.package_identification:_identify(.) by extensions ['ignore', 'ignore_ament_install']
[0.185s] Level 1:colcon.colcon_core.package_identification:_identify(.) by extension 'ignore'
[0.185s] Level 1:colcon.colcon_core.package_identification:_identify(.) by extension 'ignore_ament_install'
[0.185s] Level 1:colcon.colcon_core.package_identification:_identify(.) by extensions ['colcon_pkg']
[0.185s] Level 1:colcon.colcon_core.package_identification:_identify(.) by extension 'colcon_pkg'
[0.185s] Level 1:colcon.colcon_core.package_identification:_identify(.) by extensions ['colcon_meta']
[0.185s] Level 1:colcon.colcon_core.package_identification:_identify(.) by extension 'colcon_meta'
[0.185s] Level 1:colcon.colcon_core.package_identification:_identify(.) by extensions ['ros']
[0.185s] Level 1:colcon.colcon_core.package_identification:_identify(.) by extension 'ros'
[0.193s] Level 1:colcon.colcon_core.package_identification:_identify(.) by extensions ['cmake', 'python']
[0.193s] Level 1:colcon.colcon_core.package_identification:_identify(.) by extension 'cmake'
[0.193s] Level 1:colcon.colcon_core.package_identification:_identify(.) by extension 'python'
[0.193s] Level 1:colcon.colcon_core.package_identification:_identify(.) by extensions ['python_setup_py']
[0.193s] Level 1:colcon.colcon_core.package_identification:_identify(.) by extension 'python_setup_py'
[0.193s] Level 1:colcon.colcon_core.package_identification:_identify(build) by extensions ['ignore', 'ignore_ament_install']
[0.193s] Level 1:colcon.colcon_core.package_identification:_identify(build) by extension 'ignore'
[0.193s] Level 1:colcon.colcon_core.package_identification:_identify(build) ignored
[0.194s] Level 1:colcon.colcon_core.package_identification:_identify(doc) by extensions ['ignore', 'ignore_ament_install']
[0.194s] Level 1:colcon.colcon_core.package_identification:_identify(doc) by extension 'ignore'
[0.194s] Level 1:colcon.colcon_core.package_identification:_identify(doc) by extension 'ignore_ament_install'
[0.194s] Level 1:colcon.colcon_core.package_identification:_identify(doc) by extensions ['colcon_pkg']
[0.194s] Level 1:colcon.colcon_core.package_identification:_identify(doc) by extension 'colcon_pkg'
[0.194s] Level 1:colcon.colcon_core.package_identification:_identify(doc) by extensions ['colcon_meta']
[0.194s] Level 1:colcon.colcon_core.package_identification:_identify(doc) by extension 'colcon_meta'
[0.194s] Level 1:colcon.colcon_core.package_identification:_identify(doc) by extensions ['ros']
[0.194s] Level 1:colcon.colcon_core.package_identification:_identify(doc) by extension 'ros'
[0.194s] Level 1:colcon.colcon_core.package_identification:_identify(doc) by extensions ['cmake', 'python']
[0.194s] Level 1:colcon.colcon_core.package_identification:_identify(doc) by extension 'cmake'
[0.194s] Level 1:colcon.colcon_core.package_identification:_identify(doc) by extension 'python'
[0.194s] Level 1:colcon.colcon_core.package_identification:_identify(doc) by extensions ['python_setup_py']
[0.194s] Level 1:colcon.colcon_core.package_identification:_identify(doc) by extension 'python_setup_py'
[0.194s] Level 1:colcon.colcon_core.package_identification:_identify(install) by extensions ['ignore', 'ignore_ament_install']
[0.194s] Level 1:colcon.colcon_core.package_identification:_identify(install) by extension 'ignore'
[0.194s] Level 1:colcon.colcon_core.package_identification:_identify(install) ignored
[0.194s] Level 1:colcon.colcon_core.package_identification:_identify(log) by extensions ['ignore', 'ignore_ament_install']
[0.194s] Level 1:colcon.colcon_core.package_identification:_identify(log) by extension 'ignore'
[0.194s] Level 1:colcon.colcon_core.package_identification:_identify(log) ignored
[0.194s] Level 1:colcon.colcon_core.package_identification:_identify(src) by extensions ['ignore', 'ignore_ament_install']
[0.194s] Level 1:colcon.colcon_core.package_identification:_identify(src) by extension 'ignore'
[0.194s] Level 1:colcon.colcon_core.package_identification:_identify(src) by extension 'ignore_ament_install'
[0.194s] Level 1:colcon.colcon_core.package_identification:_identify(src) by extensions ['colcon_pkg']
[0.194s] Level 1:colcon.colcon_core.package_identification:_identify(src) by extension 'colcon_pkg'
[0.194s] Level 1:colcon.colcon_core.package_identification:_identify(src) by extensions ['colcon_meta']
[0.194s] Level 1:colcon.colcon_core.package_identification:_identify(src) by extension 'colcon_meta'
[0.194s] Level 1:colcon.colcon_core.package_identification:_identify(src) by extensions ['ros']
[0.194s] Level 1:colcon.colcon_core.package_identification:_identify(src) by extension 'ros'
[0.194s] Level 1:colcon.colcon_core.package_identification:_identify(src) by extensions ['cmake', 'python']
[0.194s] Level 1:colcon.colcon_core.package_identification:_identify(src) by extension 'cmake'
[0.194s] Level 1:colcon.colcon_core.package_identification:_identify(src) by extension 'python'
[0.194s] Level 1:colcon.colcon_core.package_identification:_identify(src) by extensions ['python_setup_py']
[0.194s] Level 1:colcon.colcon_core.package_identification:_identify(src) by extension 'python_setup_py'
[0.194s] Level 1:colcon.colcon_core.package_identification:_identify(src/auto) by extensions ['ignore', 'ignore_ament_install']
[0.195s] Level 1:colcon.colcon_core.package_identification:_identify(src/auto) by extension 'ignore'
[0.195s] Level 1:colcon.colcon_core.package_identification:_identify(src/auto) by extension 'ignore_ament_install'
[0.195s] Level 1:colcon.colcon_core.package_identification:_identify(src/auto) by extensions ['colcon_pkg']
[0.195s] Level 1:colcon.colcon_core.package_identification:_identify(src/auto) by extension 'colcon_pkg'
[0.195s] Level 1:colcon.colcon_core.package_identification:_identify(src/auto) by extensions ['colcon_meta']
[0.195s] Level 1:colcon.colcon_core.package_identification:_identify(src/auto) by extension 'colcon_meta'
[0.195s] Level 1:colcon.colcon_core.package_identification:_identify(src/auto) by extensions ['ros']
[0.195s] Level 1:colcon.colcon_core.package_identification:_identify(src/auto) by extension 'ros'
[0.195s] Level 1:colcon.colcon_core.package_identification:_identify(src/auto) by extensions ['cmake', 'python']
[0.195s] Level 1:colcon.colcon_core.package_identification:_identify(src/auto) by extension 'cmake'
[0.195s] Level 1:colcon.colcon_core.package_identification:_identify(src/auto) by extension 'python'
[0.195s] Level 1:colcon.colcon_core.package_identification:_identify(src/auto) by extensions ['python_setup_py']
[0.195s] Level 1:colcon.colcon_core.package_identification:_identify(src/auto) by extension 'python_setup_py'
[0.195s] Level 1:colcon.colcon_core.package_identification:_identify(src/auto/auto_node) by extensions ['ignore', 'ignore_ament_install']
[0.195s] Level 1:colcon.colcon_core.package_identification:_identify(src/auto/auto_node) by extension 'ignore'
[0.195s] Level 1:colcon.colcon_core.package_identification:_identify(src/auto/auto_node) by extension 'ignore_ament_install'
[0.195s] Level 1:colcon.colcon_core.package_identification:_identify(src/auto/auto_node) by extensions ['colcon_pkg']
[0.195s] Level 1:colcon.colcon_core.package_identification:_identify(src/auto/auto_node) by extension 'colcon_pkg'
[0.195s] Level 1:colcon.colcon_core.package_identification:_identify(src/auto/auto_node) by extensions ['colcon_meta']
[0.195s] Level 1:colcon.colcon_core.package_identification:_identify(src/auto/auto_node) by extension 'colcon_meta'
[0.195s] Level 1:colcon.colcon_core.package_identification:_identify(src/auto/auto_node) by extensions ['ros']
[0.195s] Level 1:colcon.colcon_core.package_identification:_identify(src/auto/auto_node) by extension 'ros'
[0.197s] DEBUG:colcon.colcon_core.package_identification:Package 'src/auto/auto_node' with type 'ros.ament_cmake' and name 'auto_node'
[0.198s] Level 1:colcon.colcon_core.package_identification:_identify(src/auto/capabilities) by extensions ['ignore', 'ignore_ament_install']
[0.198s] Level 1:colcon.colcon_core.package_identification:_identify(src/auto/capabilities) by extension 'ignore'
[0.198s] Level 1:colcon.colcon_core.package_identification:_identify(src/auto/capabilities) by extension 'ignore_ament_install'
[0.198s] Level 1:colcon.colcon_core.package_identification:_identify(src/auto/capabilities) by extensions ['colcon_pkg']
[0.198s] Level 1:colcon.colcon_core.package_identification:_identify(src/auto/capabilities) by extension 'colcon_pkg'
[0.198s] Level 1:colcon.colcon_core.package_identification:_identify(src/auto/capabilities) by extensions ['colcon_meta']
[0.198s] Level 1:colcon.colcon_core.package_identification:_identify(src/auto/capabilities) by extension 'colcon_meta'
[0.198s] Level 1:colcon.colcon_core.package_identification:_identify(src/auto/capabilities) by extensions ['ros']
[0.198s] Level 1:colcon.colcon_core.package_identification:_identify(src/auto/capabilities) by extension 'ros'
[0.198s] Level 1:colcon.colcon_core.package_identification:_identify(src/auto/capabilities) by extensions ['cmake', 'python']
[0.198s] Level 1:colcon.colcon_core.package_identification:_identify(src/auto/capabilities) by extension 'cmake'
[0.198s] Level 1:colcon.colcon_core.package_identification:_identify(src/auto/capabilities) by extension 'python'
[0.198s] Level 1:colcon.colcon_core.package_identification:_identify(src/auto/capabilities) by extensions ['python_setup_py']
[0.198s] Level 1:colcon.colcon_core.package_identification:_identify(src/auto/capabilities) by extension 'python_setup_py'
[0.198s] Level 1:colcon.colcon_core.package_identification:_identify(src/auto/capabilities/arm_solve_client) by extensions ['ignore', 'ignore_ament_install']
[0.198s] Level 1:colcon.colcon_core.package_identification:_identify(src/auto/capabilities/arm_solve_client) by extension 'ignore'
[0.198s] Level 1:colcon.colcon_core.package_identification:_identify(src/auto/capabilities/arm_solve_client) by extension 'ignore_ament_install'
[0.198s] Level 1:colcon.colcon_core.package_identification:_identify(src/auto/capabilities/arm_solve_client) by extensions ['colcon_pkg']
[0.198s] Level 1:colcon.colcon_core.package_identification:_identify(src/auto/capabilities/arm_solve_client) by extension 'colcon_pkg'
[0.198s] Level 1:colcon.colcon_core.package_identification:_identify(src/auto/capabilities/arm_solve_client) by extensions ['colcon_meta']
[0.198s] Level 1:colcon.colcon_core.package_identification:_identify(src/auto/capabilities/arm_solve_client) by extension 'colcon_meta'
[0.198s] Level 1:colcon.colcon_core.package_identification:_identify(src/auto/capabilities/arm_solve_client) by extensions ['ros']
[0.198s] Level 1:colcon.colcon_core.package_identification:_identify(src/auto/capabilities/arm_solve_client) by extension 'ros'
[0.199s] DEBUG:colcon.colcon_core.package_identification:Package 'src/auto/capabilities/arm_solve_client' with type 'ros.ament_cmake' and name 'arm_solve_client'
[0.199s] Level 1:colcon.colcon_core.package_identification:_identify(src/auto/capabilities/gripper_control_node) by extensions ['ignore', 'ignore_ament_install']
[0.199s] Level 1:colcon.colcon_core.package_identification:_identify(src/auto/capabilities/gripper_control_node) by extension 'ignore'
[0.199s] Level 1:colcon.colcon_core.package_identification:_identify(src/auto/capabilities/gripper_control_node) by extension 'ignore_ament_install'
[0.199s] Level 1:colcon.colcon_core.package_identification:_identify(src/auto/capabilities/gripper_control_node) by extensions ['colcon_pkg']
[0.199s] Level 1:colcon.colcon_core.package_identification:_identify(src/auto/capabilities/gripper_control_node) by extension 'colcon_pkg'
[0.199s] Level 1:colcon.colcon_core.package_identification:_identify(src/auto/capabilities/gripper_control_node) by extensions ['colcon_meta']
[0.199s] Level 1:colcon.colcon_core.package_identification:_identify(src/auto/capabilities/gripper_control_node) by extension 'colcon_meta'
[0.199s] Level 1:colcon.colcon_core.package_identification:_identify(src/auto/capabilities/gripper_control_node) by extensions ['ros']
[0.199s] Level 1:colcon.colcon_core.package_identification:_identify(src/auto/capabilities/gripper_control_node) by extension 'ros'
[0.199s] DEBUG:colcon.colcon_core.package_identification:Package 'src/auto/capabilities/gripper_control_node' with type 'ros.ament_cmake' and name 'gripper_control_node'
[0.200s] Level 1:colcon.colcon_core.package_identification:_identify(src/auto/capabilities/vision_detect_client) by extensions ['ignore', 'ignore_ament_install']
[0.200s] Level 1:colcon.colcon_core.package_identification:_identify(src/auto/capabilities/vision_detect_client) by extension 'ignore'
[0.200s] Level 1:colcon.colcon_core.package_identification:_identify(src/auto/capabilities/vision_detect_client) by extension 'ignore_ament_install'
[0.200s] Level 1:colcon.colcon_core.package_identification:_identify(src/auto/capabilities/vision_detect_client) by extensions ['colcon_pkg']
[0.200s] Level 1:colcon.colcon_core.package_identification:_identify(src/auto/capabilities/vision_detect_client) by extension 'colcon_pkg'
[0.200s] Level 1:colcon.colcon_core.package_identification:_identify(src/auto/capabilities/vision_detect_client) by extensions ['colcon_meta']
[0.200s] Level 1:colcon.colcon_core.package_identification:_identify(src/auto/capabilities/vision_detect_client) by extension 'colcon_meta'
[0.200s] Level 1:colcon.colcon_core.package_identification:_identify(src/auto/capabilities/vision_detect_client) by extensions ['ros']
[0.200s] Level 1:colcon.colcon_core.package_identification:_identify(src/auto/capabilities/vision_detect_client) by extension 'ros'
[0.200s] DEBUG:colcon.colcon_core.package_identification:Package 'src/auto/capabilities/vision_detect_client' with type 'ros.ament_cmake' and name 'vision_detect_client'
[0.200s] Level 1:colcon.colcon_core.package_identification:_identify(src/auto/step_executor) by extensions ['ignore', 'ignore_ament_install']
[0.200s] Level 1:colcon.colcon_core.package_identification:_identify(src/auto/step_executor) by extension 'ignore'
[0.200s] Level 1:colcon.colcon_core.package_identification:_identify(src/auto/step_executor) by extension 'ignore_ament_install'
[0.200s] Level 1:colcon.colcon_core.package_identification:_identify(src/auto/step_executor) by extensions ['colcon_pkg']
[0.200s] Level 1:colcon.colcon_core.package_identification:_identify(src/auto/step_executor) by extension 'colcon_pkg'
[0.200s] Level 1:colcon.colcon_core.package_identification:_identify(src/auto/step_executor) by extensions ['colcon_meta']
[0.200s] Level 1:colcon.colcon_core.package_identification:_identify(src/auto/step_executor) by extension 'colcon_meta'
[0.200s] Level 1:colcon.colcon_core.package_identification:_identify(src/auto/step_executor) by extensions ['ros']
[0.200s] Level 1:colcon.colcon_core.package_identification:_identify(src/auto/step_executor) by extension 'ros'
[0.201s] DEBUG:colcon.colcon_core.package_identification:Package 'src/auto/step_executor' with type 'ros.ament_cmake' and name 'step_executor'
[0.201s] Level 1:colcon.colcon_core.package_identification:_identify(src/auto/task_orchestrator) by extensions ['ignore', 'ignore_ament_install']
[0.201s] Level 1:colcon.colcon_core.package_identification:_identify(src/auto/task_orchestrator) by extension 'ignore'
[0.201s] Level 1:colcon.colcon_core.package_identification:_identify(src/auto/task_orchestrator) by extension 'ignore_ament_install'
[0.201s] Level 1:colcon.colcon_core.package_identification:_identify(src/auto/task_orchestrator) by extensions ['colcon_pkg']
[0.201s] Level 1:colcon.colcon_core.package_identification:_identify(src/auto/task_orchestrator) by extension 'colcon_pkg'
[0.201s] Level 1:colcon.colcon_core.package_identification:_identify(src/auto/task_orchestrator) by extensions ['colcon_meta']
[0.201s] Level 1:colcon.colcon_core.package_identification:_identify(src/auto/task_orchestrator) by extension 'colcon_meta'
[0.201s] Level 1:colcon.colcon_core.package_identification:_identify(src/auto/task_orchestrator) by extensions ['ros']
[0.201s] Level 1:colcon.colcon_core.package_identification:_identify(src/auto/task_orchestrator) by extension 'ros'
[0.201s] DEBUG:colcon.colcon_core.package_identification:Package 'src/auto/task_orchestrator' with type 'ros.ament_cmake' and name 'task_orchestrator'
[0.201s] Level 1:colcon.colcon_core.package_identification:_identify(src/auto/task_step_library) by extensions ['ignore', 'ignore_ament_install']
[0.201s] Level 1:colcon.colcon_core.package_identification:_identify(src/auto/task_step_library) by extension 'ignore'
[0.201s] Level 1:colcon.colcon_core.package_identification:_identify(src/auto/task_step_library) by extension 'ignore_ament_install'
[0.201s] Level 1:colcon.colcon_core.package_identification:_identify(src/auto/task_step_library) by extensions ['colcon_pkg']
[0.202s] Level 1:colcon.colcon_core.package_identification:_identify(src/auto/task_step_library) by extension 'colcon_pkg'
[0.202s] Level 1:colcon.colcon_core.package_identification:_identify(src/auto/task_step_library) by extensions ['colcon_meta']
[0.202s] Level 1:colcon.colcon_core.package_identification:_identify(src/auto/task_step_library) by extension 'colcon_meta'
[0.202s] Level 1:colcon.colcon_core.package_identification:_identify(src/auto/task_step_library) by extensions ['ros']
[0.202s] Level 1:colcon.colcon_core.package_identification:_identify(src/auto/task_step_library) by extension 'ros'
[0.202s] DEBUG:colcon.colcon_core.package_identification:Package 'src/auto/task_step_library' with type 'ros.ament_cmake' and name 'task_step_library'
[0.202s] Level 1:colcon.colcon_core.package_identification:_identify(src/drivers) by extensions ['ignore', 'ignore_ament_install']
[0.202s] Level 1:colcon.colcon_core.package_identification:_identify(src/drivers) by extension 'ignore'
[0.202s] Level 1:colcon.colcon_core.package_identification:_identify(src/drivers) by extension 'ignore_ament_install'
[0.202s] Level 1:colcon.colcon_core.package_identification:_identify(src/drivers) by extensions ['colcon_pkg']
[0.202s] Level 1:colcon.colcon_core.package_identification:_identify(src/drivers) by extension 'colcon_pkg'
[0.202s] Level 1:colcon.colcon_core.package_identification:_identify(src/drivers) by extensions ['colcon_meta']
[0.202s] Level 1:colcon.colcon_core.package_identification:_identify(src/drivers) by extension 'colcon_meta'
[0.202s] Level 1:colcon.colcon_core.package_identification:_identify(src/drivers) by extensions ['ros']
[0.202s] Level 1:colcon.colcon_core.package_identification:_identify(src/drivers) by extension 'ros'
[0.202s] Level 1:colcon.colcon_core.package_identification:_identify(src/drivers) by extensions ['cmake', 'python']
[0.202s] Level 1:colcon.colcon_core.package_identification:_identify(src/drivers) by extension 'cmake'
[0.202s] Level 1:colcon.colcon_core.package_identification:_identify(src/drivers) by extension 'python'
[0.202s] Level 1:colcon.colcon_core.package_identification:_identify(src/drivers) by extensions ['python_setup_py']
[0.202s] Level 1:colcon.colcon_core.package_identification:_identify(src/drivers) by extension 'python_setup_py'
[0.202s] Level 1:colcon.colcon_core.package_identification:_identify(src/drivers/fake_system_node) by extensions ['ignore', 'ignore_ament_install']
[0.202s] Level 1:colcon.colcon_core.package_identification:_identify(src/drivers/fake_system_node) by extension 'ignore'
[0.202s] Level 1:colcon.colcon_core.package_identification:_identify(src/drivers/fake_system_node) by extension 'ignore_ament_install'
[0.202s] Level 1:colcon.colcon_core.package_identification:_identify(src/drivers/fake_system_node) by extensions ['colcon_pkg']
[0.202s] Level 1:colcon.colcon_core.package_identification:_identify(src/drivers/fake_system_node) by extension 'colcon_pkg'
[0.202s] Level 1:colcon.colcon_core.package_identification:_identify(src/drivers/fake_system_node) by extensions ['colcon_meta']
[0.202s] Level 1:colcon.colcon_core.package_identification:_identify(src/drivers/fake_system_node) by extension 'colcon_meta'
[0.202s] Level 1:colcon.colcon_core.package_identification:_identify(src/drivers/fake_system_node) by extensions ['ros']
[0.202s] Level 1:colcon.colcon_core.package_identification:_identify(src/drivers/fake_system_node) by extension 'ros'
[0.203s] DEBUG:colcon.colcon_core.package_identification:Package 'src/drivers/fake_system_node' with type 'ros.ament_cmake' and name 'fake_system'
[0.203s] Level 1:colcon.colcon_core.package_identification:_identify(src/drivers/usb_cdc_node) by extensions ['ignore', 'ignore_ament_install']
[0.203s] Level 1:colcon.colcon_core.package_identification:_identify(src/drivers/usb_cdc_node) by extension 'ignore'
[0.203s] Level 1:colcon.colcon_core.package_identification:_identify(src/drivers/usb_cdc_node) by extension 'ignore_ament_install'
[0.203s] Level 1:colcon.colcon_core.package_identification:_identify(src/drivers/usb_cdc_node) by extensions ['colcon_pkg']
[0.203s] Level 1:colcon.colcon_core.package_identification:_identify(src/drivers/usb_cdc_node) by extension 'colcon_pkg'
[0.203s] Level 1:colcon.colcon_core.package_identification:_identify(src/drivers/usb_cdc_node) by extensions ['colcon_meta']
[0.203s] Level 1:colcon.colcon_core.package_identification:_identify(src/drivers/usb_cdc_node) by extension 'colcon_meta'
[0.203s] Level 1:colcon.colcon_core.package_identification:_identify(src/drivers/usb_cdc_node) by extensions ['ros']
[0.203s] Level 1:colcon.colcon_core.package_identification:_identify(src/drivers/usb_cdc_node) by extension 'ros'
[0.204s] DEBUG:colcon.colcon_core.package_identification:Package 'src/drivers/usb_cdc_node' with type 'ros.ament_cmake' and name 'usb_cdc'
[0.204s] Level 1:colcon.colcon_core.package_identification:_identify(src/motion) by extensions ['ignore', 'ignore_ament_install']
[0.204s] Level 1:colcon.colcon_core.package_identification:_identify(src/motion) by extension 'ignore'
[0.204s] Level 1:colcon.colcon_core.package_identification:_identify(src/motion) by extension 'ignore_ament_install'
[0.204s] Level 1:colcon.colcon_core.package_identification:_identify(src/motion) by extensions ['colcon_pkg']
[0.204s] Level 1:colcon.colcon_core.package_identification:_identify(src/motion) by extension 'colcon_pkg'
[0.204s] Level 1:colcon.colcon_core.package_identification:_identify(src/motion) by extensions ['colcon_meta']
[0.204s] Level 1:colcon.colcon_core.package_identification:_identify(src/motion) by extension 'colcon_meta'
[0.204s] Level 1:colcon.colcon_core.package_identification:_identify(src/motion) by extensions ['ros']
[0.204s] Level 1:colcon.colcon_core.package_identification:_identify(src/motion) by extension 'ros'
[0.204s] Level 1:colcon.colcon_core.package_identification:_identify(src/motion) by extensions ['cmake', 'python']
[0.204s] Level 1:colcon.colcon_core.package_identification:_identify(src/motion) by extension 'cmake'
[0.204s] Level 1:colcon.colcon_core.package_identification:_identify(src/motion) by extension 'python'
[0.204s] Level 1:colcon.colcon_core.package_identification:_identify(src/motion) by extensions ['python_setup_py']
[0.204s] Level 1:colcon.colcon_core.package_identification:_identify(src/motion) by extension 'python_setup_py'
[0.204s] Level 1:colcon.colcon_core.package_identification:_identify(src/motion/arm_solve_node) by extensions ['ignore', 'ignore_ament_install']
[0.204s] Level 1:colcon.colcon_core.package_identification:_identify(src/motion/arm_solve_node) by extension 'ignore'
[0.204s] Level 1:colcon.colcon_core.package_identification:_identify(src/motion/arm_solve_node) by extension 'ignore_ament_install'
[0.204s] Level 1:colcon.colcon_core.package_identification:_identify(src/motion/arm_solve_node) by extensions ['colcon_pkg']
[0.204s] Level 1:colcon.colcon_core.package_identification:_identify(src/motion/arm_solve_node) by extension 'colcon_pkg'
[0.204s] Level 1:colcon.colcon_core.package_identification:_identify(src/motion/arm_solve_node) by extensions ['colcon_meta']
[0.204s] Level 1:colcon.colcon_core.package_identification:_identify(src/motion/arm_solve_node) by extension 'colcon_meta'
[0.205s] Level 1:colcon.colcon_core.package_identification:_identify(src/motion/arm_solve_node) by extensions ['ros']
[0.205s] Level 1:colcon.colcon_core.package_identification:_identify(src/motion/arm_solve_node) by extension 'ros'
[0.205s] DEBUG:colcon.colcon_core.package_identification:Package 'src/motion/arm_solve_node' with type 'ros.ament_cmake' and name 'arm_solve'
[0.205s] Level 1:colcon.colcon_core.package_identification:_identify(src/motion/solve_core) by extensions ['ignore', 'ignore_ament_install']
[0.205s] Level 1:colcon.colcon_core.package_identification:_identify(src/motion/solve_core) by extension 'ignore'
[0.205s] Level 1:colcon.colcon_core.package_identification:_identify(src/motion/solve_core) by extension 'ignore_ament_install'
[0.205s] Level 1:colcon.colcon_core.package_identification:_identify(src/motion/solve_core) by extensions ['colcon_pkg']
[0.206s] Level 1:colcon.colcon_core.package_identification:_identify(src/motion/solve_core) by extension 'colcon_pkg'
[0.206s] Level 1:colcon.colcon_core.package_identification:_identify(src/motion/solve_core) by extensions ['colcon_meta']
[0.206s] Level 1:colcon.colcon_core.package_identification:_identify(src/motion/solve_core) by extension 'colcon_meta'
[0.206s] Level 1:colcon.colcon_core.package_identification:_identify(src/motion/solve_core) by extensions ['ros']
[0.206s] Level 1:colcon.colcon_core.package_identification:_identify(src/motion/solve_core) by extension 'ros'
[0.206s] DEBUG:colcon.colcon_core.package_identification:Package 'src/motion/solve_core' with type 'ros.ament_cmake' and name 'solve_core'
[0.206s] Level 1:colcon.colcon_core.package_identification:_identify(src/resources) by extensions ['ignore', 'ignore_ament_install']
[0.206s] Level 1:colcon.colcon_core.package_identification:_identify(src/resources) by extension 'ignore'
[0.206s] Level 1:colcon.colcon_core.package_identification:_identify(src/resources) by extension 'ignore_ament_install'
[0.206s] Level 1:colcon.colcon_core.package_identification:_identify(src/resources) by extensions ['colcon_pkg']
[0.206s] Level 1:colcon.colcon_core.package_identification:_identify(src/resources) by extension 'colcon_pkg'
[0.206s] Level 1:colcon.colcon_core.package_identification:_identify(src/resources) by extensions ['colcon_meta']
[0.206s] Level 1:colcon.colcon_core.package_identification:_identify(src/resources) by extension 'colcon_meta'
[0.206s] Level 1:colcon.colcon_core.package_identification:_identify(src/resources) by extensions ['ros']
[0.206s] Level 1:colcon.colcon_core.package_identification:_identify(src/resources) by extension 'ros'
[0.206s] Level 1:colcon.colcon_core.package_identification:_identify(src/resources) by extensions ['cmake', 'python']
[0.206s] Level 1:colcon.colcon_core.package_identification:_identify(src/resources) by extension 'cmake'
[0.206s] Level 1:colcon.colcon_core.package_identification:_identify(src/resources) by extension 'python'
[0.206s] Level 1:colcon.colcon_core.package_identification:_identify(src/resources) by extensions ['python_setup_py']
[0.206s] Level 1:colcon.colcon_core.package_identification:_identify(src/resources) by extension 'python_setup_py'
[0.206s] Level 1:colcon.colcon_core.package_identification:_identify(src/resources/object_load) by extensions ['ignore', 'ignore_ament_install']
[0.206s] Level 1:colcon.colcon_core.package_identification:_identify(src/resources/object_load) by extension 'ignore'
[0.206s] Level 1:colcon.colcon_core.package_identification:_identify(src/resources/object_load) by extension 'ignore_ament_install'
[0.206s] Level 1:colcon.colcon_core.package_identification:_identify(src/resources/object_load) by extensions ['colcon_pkg']
[0.206s] Level 1:colcon.colcon_core.package_identification:_identify(src/resources/object_load) by extension 'colcon_pkg'
[0.207s] Level 1:colcon.colcon_core.package_identification:_identify(src/resources/object_load) by extensions ['colcon_meta']
[0.207s] Level 1:colcon.colcon_core.package_identification:_identify(src/resources/object_load) by extension 'colcon_meta'
[0.207s] Level 1:colcon.colcon_core.package_identification:_identify(src/resources/object_load) by extensions ['ros']
[0.207s] Level 1:colcon.colcon_core.package_identification:_identify(src/resources/object_load) by extension 'ros'
[0.208s] DEBUG:colcon.colcon_core.package_identification:Package 'src/resources/object_load' with type 'ros.ament_cmake' and name 'object_load'
[0.208s] Level 1:colcon.colcon_core.package_identification:_identify(src/robots) by extensions ['ignore', 'ignore_ament_install']
[0.208s] Level 1:colcon.colcon_core.package_identification:_identify(src/robots) by extension 'ignore'
[0.209s] Level 1:colcon.colcon_core.package_identification:_identify(src/robots) by extension 'ignore_ament_install'
[0.209s] Level 1:colcon.colcon_core.package_identification:_identify(src/robots) by extensions ['colcon_pkg']
[0.209s] Level 1:colcon.colcon_core.package_identification:_identify(src/robots) by extension 'colcon_pkg'
[0.209s] Level 1:colcon.colcon_core.package_identification:_identify(src/robots) by extensions ['colcon_meta']
[0.209s] Level 1:colcon.colcon_core.package_identification:_identify(src/robots) by extension 'colcon_meta'
[0.209s] Level 1:colcon.colcon_core.package_identification:_identify(src/robots) by extensions ['ros']
[0.209s] Level 1:colcon.colcon_core.package_identification:_identify(src/robots) by extension 'ros'
[0.209s] Level 1:colcon.colcon_core.package_identification:_identify(src/robots) by extensions ['cmake', 'python']
[0.209s] Level 1:colcon.colcon_core.package_identification:_identify(src/robots) by extension 'cmake'
[0.209s] Level 1:colcon.colcon_core.package_identification:_identify(src/robots) by extension 'python'
[0.209s] Level 1:colcon.colcon_core.package_identification:_identify(src/robots) by extensions ['python_setup_py']
[0.209s] Level 1:colcon.colcon_core.package_identification:_identify(src/robots) by extension 'python_setup_py'
[0.209s] Level 1:colcon.colcon_core.package_identification:_identify(src/robots/engineer_bringup) by extensions ['ignore', 'ignore_ament_install']
[0.209s] Level 1:colcon.colcon_core.package_identification:_identify(src/robots/engineer_bringup) by extension 'ignore'
[0.209s] Level 1:colcon.colcon_core.package_identification:_identify(src/robots/engineer_bringup) by extension 'ignore_ament_install'
[0.209s] Level 1:colcon.colcon_core.package_identification:_identify(src/robots/engineer_bringup) by extensions ['colcon_pkg']
[0.209s] Level 1:colcon.colcon_core.package_identification:_identify(src/robots/engineer_bringup) by extension 'colcon_pkg'
[0.209s] Level 1:colcon.colcon_core.package_identification:_identify(src/robots/engineer_bringup) by extensions ['colcon_meta']
[0.209s] Level 1:colcon.colcon_core.package_identification:_identify(src/robots/engineer_bringup) by extension 'colcon_meta'
[0.209s] Level 1:colcon.colcon_core.package_identification:_identify(src/robots/engineer_bringup) by extensions ['ros']
[0.209s] Level 1:colcon.colcon_core.package_identification:_identify(src/robots/engineer_bringup) by extension 'ros'
[0.209s] DEBUG:colcon.colcon_core.package_identification:Package 'src/robots/engineer_bringup' with type 'ros.ament_cmake' and name 'engineer_bringup'
[0.209s] Level 1:colcon.colcon_core.package_identification:_identify(src/robots/engineer_description) by extensions ['ignore', 'ignore_ament_install']
[0.209s] Level 1:colcon.colcon_core.package_identification:_identify(src/robots/engineer_description) by extension 'ignore'
[0.209s] Level 1:colcon.colcon_core.package_identification:_identify(src/robots/engineer_description) by extension 'ignore_ament_install'
[0.210s] Level 1:colcon.colcon_core.package_identification:_identify(src/robots/engineer_description) by extensions ['colcon_pkg']
[0.210s] Level 1:colcon.colcon_core.package_identification:_identify(src/robots/engineer_description) by extension 'colcon_pkg'
[0.210s] Level 1:colcon.colcon_core.package_identification:_identify(src/robots/engineer_description) by extensions ['colcon_meta']
[0.210s] Level 1:colcon.colcon_core.package_identification:_identify(src/robots/engineer_description) by extension 'colcon_meta'
[0.210s] Level 1:colcon.colcon_core.package_identification:_identify(src/robots/engineer_description) by extensions ['ros']
[0.210s] Level 1:colcon.colcon_core.package_identification:_identify(src/robots/engineer_description) by extension 'ros'
[0.210s] DEBUG:colcon.colcon_core.package_identification:Package 'src/robots/engineer_description' with type 'ros.ament_cmake' and name 'engineer_description'
[0.210s] Level 1:colcon.colcon_core.package_identification:_identify(src/robots/engineer_interfaces) by extensions ['ignore', 'ignore_ament_install']
[0.210s] Level 1:colcon.colcon_core.package_identification:_identify(src/robots/engineer_interfaces) by extension 'ignore'
[0.210s] Level 1:colcon.colcon_core.package_identification:_identify(src/robots/engineer_interfaces) by extension 'ignore_ament_install'
[0.210s] Level 1:colcon.colcon_core.package_identification:_identify(src/robots/engineer_interfaces) by extensions ['colcon_pkg']
[0.210s] Level 1:colcon.colcon_core.package_identification:_identify(src/robots/engineer_interfaces) by extension 'colcon_pkg'
[0.210s] Level 1:colcon.colcon_core.package_identification:_identify(src/robots/engineer_interfaces) by extensions ['colcon_meta']
[0.210s] Level 1:colcon.colcon_core.package_identification:_identify(src/robots/engineer_interfaces) by extension 'colcon_meta'
[0.210s] Level 1:colcon.colcon_core.package_identification:_identify(src/robots/engineer_interfaces) by extensions ['ros']
[0.210s] Level 1:colcon.colcon_core.package_identification:_identify(src/robots/engineer_interfaces) by extension 'ros'
[0.211s] DEBUG:colcon.colcon_core.package_identification:Package 'src/robots/engineer_interfaces' with type 'ros.ament_cmake' and name 'engineer_interfaces'
[0.211s] Level 1:colcon.colcon_core.package_identification:_identify(src/robots/engineer_moveit_config) by extensions ['ignore', 'ignore_ament_install']
[0.211s] Level 1:colcon.colcon_core.package_identification:_identify(src/robots/engineer_moveit_config) by extension 'ignore'
[0.211s] Level 1:colcon.colcon_core.package_identification:_identify(src/robots/engineer_moveit_config) by extension 'ignore_ament_install'
[0.211s] Level 1:colcon.colcon_core.package_identification:_identify(src/robots/engineer_moveit_config) by extensions ['colcon_pkg']
[0.211s] Level 1:colcon.colcon_core.package_identification:_identify(src/robots/engineer_moveit_config) by extension 'colcon_pkg'
[0.211s] Level 1:colcon.colcon_core.package_identification:_identify(src/robots/engineer_moveit_config) by extensions ['colcon_meta']
[0.211s] Level 1:colcon.colcon_core.package_identification:_identify(src/robots/engineer_moveit_config) by extension 'colcon_meta'
[0.211s] Level 1:colcon.colcon_core.package_identification:_identify(src/robots/engineer_moveit_config) by extensions ['ros']
[0.211s] Level 1:colcon.colcon_core.package_identification:_identify(src/robots/engineer_moveit_config) by extension 'ros'
[0.211s] DEBUG:colcon.colcon_core.package_identification:Package 'src/robots/engineer_moveit_config' with type 'ros.ament_cmake' and name 'engineer_moveit_config'
[0.211s] Level 1:colcon.colcon_core.package_identification:_identify(src/teleop) by extensions ['ignore', 'ignore_ament_install']
[0.211s] Level 1:colcon.colcon_core.package_identification:_identify(src/teleop) by extension 'ignore'
[0.211s] Level 1:colcon.colcon_core.package_identification:_identify(src/teleop) by extension 'ignore_ament_install'
[0.212s] Level 1:colcon.colcon_core.package_identification:_identify(src/teleop) by extensions ['colcon_pkg']
[0.212s] Level 1:colcon.colcon_core.package_identification:_identify(src/teleop) by extension 'colcon_pkg'
[0.212s] Level 1:colcon.colcon_core.package_identification:_identify(src/teleop) by extensions ['colcon_meta']
[0.212s] Level 1:colcon.colcon_core.package_identification:_identify(src/teleop) by extension 'colcon_meta'
[0.212s] Level 1:colcon.colcon_core.package_identification:_identify(src/teleop) by extensions ['ros']
[0.212s] Level 1:colcon.colcon_core.package_identification:_identify(src/teleop) by extension 'ros'
[0.212s] Level 1:colcon.colcon_core.package_identification:_identify(src/teleop) by extensions ['cmake', 'python']
[0.212s] Level 1:colcon.colcon_core.package_identification:_identify(src/teleop) by extension 'cmake'
[0.212s] Level 1:colcon.colcon_core.package_identification:_identify(src/teleop) by extension 'python'
[0.212s] Level 1:colcon.colcon_core.package_identification:_identify(src/teleop) by extensions ['python_setup_py']
[0.212s] Level 1:colcon.colcon_core.package_identification:_identify(src/teleop) by extension 'python_setup_py'
[0.212s] Level 1:colcon.colcon_core.package_identification:_identify(src/teleop/teleop_node) by extensions ['ignore', 'ignore_ament_install']
[0.212s] Level 1:colcon.colcon_core.package_identification:_identify(src/teleop/teleop_node) by extension 'ignore'
[0.212s] Level 1:colcon.colcon_core.package_identification:_identify(src/teleop/teleop_node) by extension 'ignore_ament_install'
[0.212s] Level 1:colcon.colcon_core.package_identification:_identify(src/teleop/teleop_node) by extensions ['colcon_pkg']
[0.212s] Level 1:colcon.colcon_core.package_identification:_identify(src/teleop/teleop_node) by extension 'colcon_pkg'
[0.212s] Level 1:colcon.colcon_core.package_identification:_identify(src/teleop/teleop_node) by extensions ['colcon_meta']
[0.212s] Level 1:colcon.colcon_core.package_identification:_identify(src/teleop/teleop_node) by extension 'colcon_meta'
[0.212s] Level 1:colcon.colcon_core.package_identification:_identify(src/teleop/teleop_node) by extensions ['ros']
[0.212s] Level 1:colcon.colcon_core.package_identification:_identify(src/teleop/teleop_node) by extension 'ros'
[0.231s] DEBUG:colcon.colcon_core.package_identification:Package 'src/teleop/teleop_node' with type 'ros.ament_cmake' and name 'teleop_node'
[0.231s] Level 1:colcon.colcon_core.package_identification:_identify(src/tools) by extensions ['ignore', 'ignore_ament_install']
[0.231s] Level 1:colcon.colcon_core.package_identification:_identify(src/tools) by extension 'ignore'
[0.231s] Level 1:colcon.colcon_core.package_identification:_identify(src/tools) by extension 'ignore_ament_install'
[0.231s] Level 1:colcon.colcon_core.package_identification:_identify(src/tools) by extensions ['colcon_pkg']
[0.231s] Level 1:colcon.colcon_core.package_identification:_identify(src/tools) by extension 'colcon_pkg'
[0.231s] Level 1:colcon.colcon_core.package_identification:_identify(src/tools) by extensions ['colcon_meta']
[0.231s] Level 1:colcon.colcon_core.package_identification:_identify(src/tools) by extension 'colcon_meta'
[0.231s] Level 1:colcon.colcon_core.package_identification:_identify(src/tools) by extensions ['ros']
[0.231s] Level 1:colcon.colcon_core.package_identification:_identify(src/tools) by extension 'ros'
[0.231s] Level 1:colcon.colcon_core.package_identification:_identify(src/tools) by extensions ['cmake', 'python']
[0.231s] Level 1:colcon.colcon_core.package_identification:_identify(src/tools) by extension 'cmake'
[0.231s] Level 1:colcon.colcon_core.package_identification:_identify(src/tools) by extension 'python'
[0.231s] Level 1:colcon.colcon_core.package_identification:_identify(src/tools) by extensions ['python_setup_py']
[0.231s] Level 1:colcon.colcon_core.package_identification:_identify(src/tools) by extension 'python_setup_py'
[0.231s] Level 1:colcon.colcon_core.package_identification:_identify(src/tools/ee_path_node) by extensions ['ignore', 'ignore_ament_install']
[0.231s] Level 1:colcon.colcon_core.package_identification:_identify(src/tools/ee_path_node) by extension 'ignore'
[0.231s] Level 1:colcon.colcon_core.package_identification:_identify(src/tools/ee_path_node) by extension 'ignore_ament_install'
[0.231s] Level 1:colcon.colcon_core.package_identification:_identify(src/tools/ee_path_node) by extensions ['colcon_pkg']
[0.231s] Level 1:colcon.colcon_core.package_identification:_identify(src/tools/ee_path_node) by extension 'colcon_pkg'
[0.232s] Level 1:colcon.colcon_core.package_identification:_identify(src/tools/ee_path_node) by extensions ['colcon_meta']
[0.232s] Level 1:colcon.colcon_core.package_identification:_identify(src/tools/ee_path_node) by extension 'colcon_meta'
[0.232s] Level 1:colcon.colcon_core.package_identification:_identify(src/tools/ee_path_node) by extensions ['ros']
[0.232s] Level 1:colcon.colcon_core.package_identification:_identify(src/tools/ee_path_node) by extension 'ros'
[0.232s] DEBUG:colcon.colcon_core.package_identification:Package 'src/tools/ee_path_node' with type 'ros.ament_cmake' and name 'ee_path_node'
[0.232s] Level 1:colcon.colcon_core.package_identification:_identify(src/utils) by extensions ['ignore', 'ignore_ament_install']
[0.232s] Level 1:colcon.colcon_core.package_identification:_identify(src/utils) by extension 'ignore'
[0.232s] Level 1:colcon.colcon_core.package_identification:_identify(src/utils) by extension 'ignore_ament_install'
[0.232s] Level 1:colcon.colcon_core.package_identification:_identify(src/utils) by extensions ['colcon_pkg']
[0.232s] Level 1:colcon.colcon_core.package_identification:_identify(src/utils) by extension 'colcon_pkg'
[0.232s] Level 1:colcon.colcon_core.package_identification:_identify(src/utils) by extensions ['colcon_meta']
[0.232s] Level 1:colcon.colcon_core.package_identification:_identify(src/utils) by extension 'colcon_meta'
[0.232s] Level 1:colcon.colcon_core.package_identification:_identify(src/utils) by extensions ['ros']
[0.232s] Level 1:colcon.colcon_core.package_identification:_identify(src/utils) by extension 'ros'
[0.232s] Level 1:colcon.colcon_core.package_identification:_identify(src/utils) by extensions ['cmake', 'python']
[0.232s] Level 1:colcon.colcon_core.package_identification:_identify(src/utils) by extension 'cmake'
[0.232s] Level 1:colcon.colcon_core.package_identification:_identify(src/utils) by extension 'python'
[0.232s] Level 1:colcon.colcon_core.package_identification:_identify(src/utils) by extensions ['python_setup_py']
[0.232s] Level 1:colcon.colcon_core.package_identification:_identify(src/utils) by extension 'python_setup_py'
[0.233s] Level 1:colcon.colcon_core.package_identification:_identify(src/utils/error_code_utils) by extensions ['ignore', 'ignore_ament_install']
[0.233s] Level 1:colcon.colcon_core.package_identification:_identify(src/utils/error_code_utils) by extension 'ignore'
[0.233s] Level 1:colcon.colcon_core.package_identification:_identify(src/utils/error_code_utils) by extension 'ignore_ament_install'
[0.233s] Level 1:colcon.colcon_core.package_identification:_identify(src/utils/error_code_utils) by extensions ['colcon_pkg']
[0.233s] Level 1:colcon.colcon_core.package_identification:_identify(src/utils/error_code_utils) by extension 'colcon_pkg'
[0.233s] Level 1:colcon.colcon_core.package_identification:_identify(src/utils/error_code_utils) by extensions ['colcon_meta']
[0.233s] Level 1:colcon.colcon_core.package_identification:_identify(src/utils/error_code_utils) by extension 'colcon_meta'
[0.233s] Level 1:colcon.colcon_core.package_identification:_identify(src/utils/error_code_utils) by extensions ['ros']
[0.233s] Level 1:colcon.colcon_core.package_identification:_identify(src/utils/error_code_utils) by extension 'ros'
[0.233s] DEBUG:colcon.colcon_core.package_identification:Package 'src/utils/error_code_utils' with type 'ros.ament_cmake' and name 'error_code_utils'
[0.233s] Level 1:colcon.colcon_core.package_identification:_identify(src/utils/log_utils) by extensions ['ignore', 'ignore_ament_install']
[0.233s] Level 1:colcon.colcon_core.package_identification:_identify(src/utils/log_utils) by extension 'ignore'
[0.233s] Level 1:colcon.colcon_core.package_identification:_identify(src/utils/log_utils) by extension 'ignore_ament_install'
[0.233s] Level 1:colcon.colcon_core.package_identification:_identify(src/utils/log_utils) by extensions ['colcon_pkg']
[0.233s] Level 1:colcon.colcon_core.package_identification:_identify(src/utils/log_utils) by extension 'colcon_pkg'
[0.233s] Level 1:colcon.colcon_core.package_identification:_identify(src/utils/log_utils) by extensions ['colcon_meta']
[0.233s] Level 1:colcon.colcon_core.package_identification:_identify(src/utils/log_utils) by extension 'colcon_meta'
[0.233s] Level 1:colcon.colcon_core.package_identification:_identify(src/utils/log_utils) by extensions ['ros']
[0.233s] Level 1:colcon.colcon_core.package_identification:_identify(src/utils/log_utils) by extension 'ros'
[0.233s] DEBUG:colcon.colcon_core.package_identification:Package 'src/utils/log_utils' with type 'ros.ament_cmake' and name 'log_utils'
[0.234s] Level 1:colcon.colcon_core.package_identification:_identify(src/vision) by extensions ['ignore', 'ignore_ament_install']
[0.234s] Level 1:colcon.colcon_core.package_identification:_identify(src/vision) by extension 'ignore'
[0.234s] Level 1:colcon.colcon_core.package_identification:_identify(src/vision) by extension 'ignore_ament_install'
[0.234s] Level 1:colcon.colcon_core.package_identification:_identify(src/vision) by extensions ['colcon_pkg']
[0.234s] Level 1:colcon.colcon_core.package_identification:_identify(src/vision) by extension 'colcon_pkg'
[0.234s] Level 1:colcon.colcon_core.package_identification:_identify(src/vision) by extensions ['colcon_meta']
[0.234s] Level 1:colcon.colcon_core.package_identification:_identify(src/vision) by extension 'colcon_meta'
[0.234s] Level 1:colcon.colcon_core.package_identification:_identify(src/vision) by extensions ['ros']
[0.234s] Level 1:colcon.colcon_core.package_identification:_identify(src/vision) by extension 'ros'
[0.234s] Level 1:colcon.colcon_core.package_identification:_identify(src/vision) by extensions ['cmake', 'python']
[0.234s] Level 1:colcon.colcon_core.package_identification:_identify(src/vision) by extension 'cmake'
[0.234s] Level 1:colcon.colcon_core.package_identification:_identify(src/vision) by extension 'python'
[0.234s] Level 1:colcon.colcon_core.package_identification:_identify(src/vision) by extensions ['python_setup_py']
[0.234s] Level 1:colcon.colcon_core.package_identification:_identify(src/vision) by extension 'python_setup_py'
[0.234s] Level 1:colcon.colcon_core.package_identification:_identify(src/vision/YOLOs-CPP) by extensions ['ignore', 'ignore_ament_install']
[0.234s] Level 1:colcon.colcon_core.package_identification:_identify(src/vision/YOLOs-CPP) by extension 'ignore'
[0.234s] Level 1:colcon.colcon_core.package_identification:_identify(src/vision/YOLOs-CPP) by extension 'ignore_ament_install'
[0.234s] Level 1:colcon.colcon_core.package_identification:_identify(src/vision/YOLOs-CPP) by extensions ['colcon_pkg']
[0.234s] Level 1:colcon.colcon_core.package_identification:_identify(src/vision/YOLOs-CPP) by extension 'colcon_pkg'
[0.234s] Level 1:colcon.colcon_core.package_identification:_identify(src/vision/YOLOs-CPP) by extensions ['colcon_meta']
[0.234s] Level 1:colcon.colcon_core.package_identification:_identify(src/vision/YOLOs-CPP) by extension 'colcon_meta'
[0.234s] Level 1:colcon.colcon_core.package_identification:_identify(src/vision/YOLOs-CPP) by extensions ['ros']
[0.234s] Level 1:colcon.colcon_core.package_identification:_identify(src/vision/YOLOs-CPP) by extension 'ros'
[0.234s] Level 1:colcon.colcon_core.package_identification:_identify(src/vision/YOLOs-CPP) by extensions ['cmake', 'python']
[0.234s] Level 1:colcon.colcon_core.package_identification:_identify(src/vision/YOLOs-CPP) by extension 'cmake'
[0.239s] Level 1:colcon.colcon_core.package_identification:_identify(src/vision/YOLOs-CPP) by extension 'python'
[0.239s] DEBUG:colcon.colcon_core.package_identification:Package 'src/vision/YOLOs-CPP' with type 'cmake' and name 'YOLOs-CPP'
[0.239s] Level 1:colcon.colcon_core.package_identification:_identify(src/vision/detect_node) by extensions ['ignore', 'ignore_ament_install']
[0.239s] Level 1:colcon.colcon_core.package_identification:_identify(src/vision/detect_node) by extension 'ignore'
[0.239s] Level 1:colcon.colcon_core.package_identification:_identify(src/vision/detect_node) by extension 'ignore_ament_install'
[0.239s] Level 1:colcon.colcon_core.package_identification:_identify(src/vision/detect_node) by extensions ['colcon_pkg']
[0.239s] Level 1:colcon.colcon_core.package_identification:_identify(src/vision/detect_node) by extension 'colcon_pkg'
[0.239s] Level 1:colcon.colcon_core.package_identification:_identify(src/vision/detect_node) by extensions ['colcon_meta']
[0.239s] Level 1:colcon.colcon_core.package_identification:_identify(src/vision/detect_node) by extension 'colcon_meta'
[0.239s] Level 1:colcon.colcon_core.package_identification:_identify(src/vision/detect_node) by extensions ['ros']
[0.239s] Level 1:colcon.colcon_core.package_identification:_identify(src/vision/detect_node) by extension 'ros'
[0.240s] DEBUG:colcon.colcon_core.package_identification:Package 'src/vision/detect_node' with type 'ros.ament_cmake' and name 'detect_node'
[0.240s] Level 1:colcon.colcon_core.package_identification:_identify(src/vision/realsense-ros) by extensions ['ignore', 'ignore_ament_install']
[0.240s] Level 1:colcon.colcon_core.package_identification:_identify(src/vision/realsense-ros) by extension 'ignore'
[0.240s] Level 1:colcon.colcon_core.package_identification:_identify(src/vision/realsense-ros) by extension 'ignore_ament_install'
[0.240s] Level 1:colcon.colcon_core.package_identification:_identify(src/vision/realsense-ros) by extensions ['colcon_pkg']
[0.240s] Level 1:colcon.colcon_core.package_identification:_identify(src/vision/realsense-ros) by extension 'colcon_pkg'
[0.240s] Level 1:colcon.colcon_core.package_identification:_identify(src/vision/realsense-ros) by extensions ['colcon_meta']
[0.240s] Level 1:colcon.colcon_core.package_identification:_identify(src/vision/realsense-ros) by extension 'colcon_meta'
[0.240s] Level 1:colcon.colcon_core.package_identification:_identify(src/vision/realsense-ros) by extensions ['ros']
[0.240s] Level 1:colcon.colcon_core.package_identification:_identify(src/vision/realsense-ros) by extension 'ros'
[0.240s] Level 1:colcon.colcon_core.package_identification:_identify(src/vision/realsense-ros) by extensions ['cmake', 'python']
[0.240s] Level 1:colcon.colcon_core.package_identification:_identify(src/vision/realsense-ros) by extension 'cmake'
[0.240s] Level 1:colcon.colcon_core.package_identification:_identify(src/vision/realsense-ros) by extension 'python'
[0.240s] Level 1:colcon.colcon_core.package_identification:_identify(src/vision/realsense-ros) by extensions ['python_setup_py']
[0.240s] Level 1:colcon.colcon_core.package_identification:_identify(src/vision/realsense-ros) by extension 'python_setup_py'
[0.240s] Level 1:colcon.colcon_core.package_identification:_identify(src/vision/realsense-ros/realsense2_camera) by extensions ['ignore', 'ignore_ament_install']
[0.240s] Level 1:colcon.colcon_core.package_identification:_identify(src/vision/realsense-ros/realsense2_camera) by extension 'ignore'
[0.240s] Level 1:colcon.colcon_core.package_identification:_identify(src/vision/realsense-ros/realsense2_camera) by extension 'ignore_ament_install'
[0.240s] Level 1:colcon.colcon_core.package_identification:_identify(src/vision/realsense-ros/realsense2_camera) by extensions ['colcon_pkg']
[0.240s] Level 1:colcon.colcon_core.package_identification:_identify(src/vision/realsense-ros/realsense2_camera) by extension 'colcon_pkg'
[0.240s] Level 1:colcon.colcon_core.package_identification:_identify(src/vision/realsense-ros/realsense2_camera) by extensions ['colcon_meta']
[0.240s] Level 1:colcon.colcon_core.package_identification:_identify(src/vision/realsense-ros/realsense2_camera) by extension 'colcon_meta'
[0.240s] Level 1:colcon.colcon_core.package_identification:_identify(src/vision/realsense-ros/realsense2_camera) by extensions ['ros']
[0.240s] Level 1:colcon.colcon_core.package_identification:_identify(src/vision/realsense-ros/realsense2_camera) by extension 'ros'
[0.244s] DEBUG:colcon.colcon_core.package_identification:Package 'src/vision/realsense-ros/realsense2_camera' with type 'ros.ament_cmake' and name 'realsense2_camera'
[0.244s] Level 1:colcon.colcon_core.package_identification:_identify(src/vision/realsense-ros/realsense2_camera_msgs) by extensions ['ignore', 'ignore_ament_install']
[0.244s] Level 1:colcon.colcon_core.package_identification:_identify(src/vision/realsense-ros/realsense2_camera_msgs) by extension 'ignore'
[0.244s] Level 1:colcon.colcon_core.package_identification:_identify(src/vision/realsense-ros/realsense2_camera_msgs) by extension 'ignore_ament_install'
[0.244s] Level 1:colcon.colcon_core.package_identification:_identify(src/vision/realsense-ros/realsense2_camera_msgs) by extensions ['colcon_pkg']
[0.244s] Level 1:colcon.colcon_core.package_identification:_identify(src/vision/realsense-ros/realsense2_camera_msgs) by extension 'colcon_pkg'
[0.244s] Level 1:colcon.colcon_core.package_identification:_identify(src/vision/realsense-ros/realsense2_camera_msgs) by extensions ['colcon_meta']
[0.244s] Level 1:colcon.colcon_core.package_identification:_identify(src/vision/realsense-ros/realsense2_camera_msgs) by extension 'colcon_meta'
[0.244s] Level 1:colcon.colcon_core.package_identification:_identify(src/vision/realsense-ros/realsense2_camera_msgs) by extensions ['ros']
[0.244s] Level 1:colcon.colcon_core.package_identification:_identify(src/vision/realsense-ros/realsense2_camera_msgs) by extension 'ros'
[0.245s] DEBUG:colcon.colcon_core.package_identification:Package 'src/vision/realsense-ros/realsense2_camera_msgs' with type 'ros.ament_cmake' and name 'realsense2_camera_msgs'
[0.245s] Level 1:colcon.colcon_core.package_identification:_identify(src/vision/realsense-ros/realsense2_description) by extensions ['ignore', 'ignore_ament_install']
[0.245s] Level 1:colcon.colcon_core.package_identification:_identify(src/vision/realsense-ros/realsense2_description) by extension 'ignore'
[0.245s] Level 1:colcon.colcon_core.package_identification:_identify(src/vision/realsense-ros/realsense2_description) by extension 'ignore_ament_install'
[0.245s] Level 1:colcon.colcon_core.package_identification:_identify(src/vision/realsense-ros/realsense2_description) by extensions ['colcon_pkg']
[0.245s] Level 1:colcon.colcon_core.package_identification:_identify(src/vision/realsense-ros/realsense2_description) by extension 'colcon_pkg'
[0.245s] Level 1:colcon.colcon_core.package_identification:_identify(src/vision/realsense-ros/realsense2_description) by extensions ['colcon_meta']
[0.245s] Level 1:colcon.colcon_core.package_identification:_identify(src/vision/realsense-ros/realsense2_description) by extension 'colcon_meta'
[0.245s] Level 1:colcon.colcon_core.package_identification:_identify(src/vision/realsense-ros/realsense2_description) by extensions ['ros']
[0.245s] Level 1:colcon.colcon_core.package_identification:_identify(src/vision/realsense-ros/realsense2_description) by extension 'ros'
[0.246s] DEBUG:colcon.colcon_core.package_identification:Package 'src/vision/realsense-ros/realsense2_description' with type 'ros.ament_cmake' and name 'realsense2_description'
[0.246s] Level 1:colcon.colcon_core.package_identification:_identify(src/vision/realsense-ros/realsense2_rgbd_plugin) by extensions ['ignore', 'ignore_ament_install']
[0.246s] Level 1:colcon.colcon_core.package_identification:_identify(src/vision/realsense-ros/realsense2_rgbd_plugin) by extension 'ignore'
[0.246s] Level 1:colcon.colcon_core.package_identification:_identify(src/vision/realsense-ros/realsense2_rgbd_plugin) by extension 'ignore_ament_install'
[0.246s] Level 1:colcon.colcon_core.package_identification:_identify(src/vision/realsense-ros/realsense2_rgbd_plugin) by extensions ['colcon_pkg']
[0.246s] Level 1:colcon.colcon_core.package_identification:_identify(src/vision/realsense-ros/realsense2_rgbd_plugin) by extension 'colcon_pkg'
[0.246s] Level 1:colcon.colcon_core.package_identification:_identify(src/vision/realsense-ros/realsense2_rgbd_plugin) by extensions ['colcon_meta']
[0.246s] Level 1:colcon.colcon_core.package_identification:_identify(src/vision/realsense-ros/realsense2_rgbd_plugin) by extension 'colcon_meta'
[0.246s] Level 1:colcon.colcon_core.package_identification:_identify(src/vision/realsense-ros/realsense2_rgbd_plugin) by extensions ['ros']
[0.246s] Level 1:colcon.colcon_core.package_identification:_identify(src/vision/realsense-ros/realsense2_rgbd_plugin) by extension 'ros'
[0.247s] DEBUG:colcon.colcon_core.package_identification:Package 'src/vision/realsense-ros/realsense2_rgbd_plugin' with type 'ros.ament_cmake' and name 'realsense2_rviz_plugin'
[0.247s] Level 1:colcon.colcon_core.package_identification:_identify(src/vision/realsense-ros/realsense2_ros_mqtt_bridge) by extensions ['ignore', 'ignore_ament_install']
[0.247s] Level 1:colcon.colcon_core.package_identification:_identify(src/vision/realsense-ros/realsense2_ros_mqtt_bridge) by extension 'ignore'
[0.247s] Level 1:colcon.colcon_core.package_identification:_identify(src/vision/realsense-ros/realsense2_ros_mqtt_bridge) by extension 'ignore_ament_install'
[0.247s] Level 1:colcon.colcon_core.package_identification:_identify(src/vision/realsense-ros/realsense2_ros_mqtt_bridge) by extensions ['colcon_pkg']
[0.247s] Level 1:colcon.colcon_core.package_identification:_identify(src/vision/realsense-ros/realsense2_ros_mqtt_bridge) by extension 'colcon_pkg'
[0.247s] Level 1:colcon.colcon_core.package_identification:_identify(src/vision/realsense-ros/realsense2_ros_mqtt_bridge) by extensions ['colcon_meta']
[0.247s] Level 1:colcon.colcon_core.package_identification:_identify(src/vision/realsense-ros/realsense2_ros_mqtt_bridge) by extension 'colcon_meta'
[0.247s] Level 1:colcon.colcon_core.package_identification:_identify(src/vision/realsense-ros/realsense2_ros_mqtt_bridge) by extensions ['ros']
[0.247s] Level 1:colcon.colcon_core.package_identification:_identify(src/vision/realsense-ros/realsense2_ros_mqtt_bridge) by extension 'ros'
[0.247s] DEBUG:colcon.colcon_core.package_identification:Package 'src/vision/realsense-ros/realsense2_ros_mqtt_bridge' with type 'ros.ament_python' and name 'realsense2_ros_mqtt_bridge'
[0.247s] Level 1:colcon.colcon_core.package_identification:_identify(src/vision/realsense-ros/res) by extensions ['ignore', 'ignore_ament_install']
[0.247s] Level 1:colcon.colcon_core.package_identification:_identify(src/vision/realsense-ros/res) by extension 'ignore'
[0.247s] Level 1:colcon.colcon_core.package_identification:_identify(src/vision/realsense-ros/res) by extension 'ignore_ament_install'
[0.247s] Level 1:colcon.colcon_core.package_identification:_identify(src/vision/realsense-ros/res) by extensions ['colcon_pkg']
[0.247s] Level 1:colcon.colcon_core.package_identification:_identify(src/vision/realsense-ros/res) by extension 'colcon_pkg'
[0.248s] Level 1:colcon.colcon_core.package_identification:_identify(src/vision/realsense-ros/res) by extensions ['colcon_meta']
[0.248s] Level 1:colcon.colcon_core.package_identification:_identify(src/vision/realsense-ros/res) by extension 'colcon_meta'
[0.248s] Level 1:colcon.colcon_core.package_identification:_identify(src/vision/realsense-ros/res) by extensions ['ros']
[0.248s] Level 1:colcon.colcon_core.package_identification:_identify(src/vision/realsense-ros/res) by extension 'ros'
[0.248s] Level 1:colcon.colcon_core.package_identification:_identify(src/vision/realsense-ros/res) by extensions ['cmake', 'python']
[0.248s] Level 1:colcon.colcon_core.package_identification:_identify(src/vision/realsense-ros/res) by extension 'cmake'
[0.248s] Level 1:colcon.colcon_core.package_identification:_identify(src/vision/realsense-ros/res) by extension 'python'
[0.248s] Level 1:colcon.colcon_core.package_identification:_identify(src/vision/realsense-ros/res) by extensions ['python_setup_py']
[0.248s] Level 1:colcon.colcon_core.package_identification:_identify(src/vision/realsense-ros/res) by extension 'python_setup_py'
[0.248s] Level 1:colcon.colcon_core.package_identification:_identify(src/vision/realsense-ros/scripts) by extensions ['ignore', 'ignore_ament_install']
[0.248s] Level 1:colcon.colcon_core.package_identification:_identify(src/vision/realsense-ros/scripts) by extension 'ignore'
[0.248s] Level 1:colcon.colcon_core.package_identification:_identify(src/vision/realsense-ros/scripts) by extension 'ignore_ament_install'
[0.248s] Level 1:colcon.colcon_core.package_identification:_identify(src/vision/realsense-ros/scripts) by extensions ['colcon_pkg']
[0.248s] Level 1:colcon.colcon_core.package_identification:_identify(src/vision/realsense-ros/scripts) by extension 'colcon_pkg'
[0.248s] Level 1:colcon.colcon_core.package_identification:_identify(src/vision/realsense-ros/scripts) by extensions ['colcon_meta']
[0.248s] Level 1:colcon.colcon_core.package_identification:_identify(src/vision/realsense-ros/scripts) by extension 'colcon_meta'
[0.248s] Level 1:colcon.colcon_core.package_identification:_identify(src/vision/realsense-ros/scripts) by extensions ['ros']
[0.248s] Level 1:colcon.colcon_core.package_identification:_identify(src/vision/realsense-ros/scripts) by extension 'ros'
[0.248s] Level 1:colcon.colcon_core.package_identification:_identify(src/vision/realsense-ros/scripts) by extensions ['cmake', 'python']
[0.248s] Level 1:colcon.colcon_core.package_identification:_identify(src/vision/realsense-ros/scripts) by extension 'cmake'
[0.248s] Level 1:colcon.colcon_core.package_identification:_identify(src/vision/realsense-ros/scripts) by extension 'python'
[0.248s] Level 1:colcon.colcon_core.package_identification:_identify(src/vision/realsense-ros/scripts) by extensions ['python_setup_py']
[0.248s] Level 1:colcon.colcon_core.package_identification:_identify(src/vision/realsense-ros/scripts) by extension 'python_setup_py'
[0.248s] Level 1:colcon.colcon_core.package_identification:_identify(tools) by extensions ['ignore', 'ignore_ament_install']
[0.248s] Level 1:colcon.colcon_core.package_identification:_identify(tools) by extension 'ignore'
[0.248s] Level 1:colcon.colcon_core.package_identification:_identify(tools) by extension 'ignore_ament_install'
[0.248s] Level 1:colcon.colcon_core.package_identification:_identify(tools) by extensions ['colcon_pkg']
[0.248s] Level 1:colcon.colcon_core.package_identification:_identify(tools) by extension 'colcon_pkg'
[0.248s] Level 1:colcon.colcon_core.package_identification:_identify(tools) by extensions ['colcon_meta']
[0.248s] Level 1:colcon.colcon_core.package_identification:_identify(tools) by extension 'colcon_meta'
[0.248s] Level 1:colcon.colcon_core.package_identification:_identify(tools) by extensions ['ros']
[0.248s] Level 1:colcon.colcon_core.package_identification:_identify(tools) by extension 'ros'
[0.248s] Level 1:colcon.colcon_core.package_identification:_identify(tools) by extensions ['cmake', 'python']
[0.248s] Level 1:colcon.colcon_core.package_identification:_identify(tools) by extension 'cmake'
[0.248s] Level 1:colcon.colcon_core.package_identification:_identify(tools) by extension 'python'
[0.248s] Level 1:colcon.colcon_core.package_identification:_identify(tools) by extensions ['python_setup_py']
[0.248s] Level 1:colcon.colcon_core.package_identification:_identify(tools) by extension 'python_setup_py'
[0.248s] Level 1:colcon.colcon_core.package_discovery:discover_packages(recursive) using defaults
[0.248s] Level 1:colcon.colcon_core.package_discovery:discover_packages(ignore) discover
[0.248s] Level 1:colcon.colcon_core.package_discovery:discover_packages(ignore) using defaults
[0.248s] Level 1:colcon.colcon_core.package_discovery:discover_packages(path) discover
[0.248s] Level 1:colcon.colcon_core.package_discovery:discover_packages(path) using defaults
[0.267s] INFO:colcon.colcon_core.package_selection:Skipping not selected package 'YOLOs-CPP' in 'src/vision/YOLOs-CPP'
[0.267s] INFO:colcon.colcon_core.package_selection:Skipping not selected package 'detect_node' in 'src/vision/detect_node'
[0.267s] INFO:colcon.colcon_core.package_selection:Skipping not selected package 'ee_path_node' in 'src/tools/ee_path_node'
[0.267s] INFO:colcon.colcon_core.package_selection:Skipping not selected package 'engineer_bringup' in 'src/robots/engineer_bringup'
[0.267s] INFO:colcon.colcon_core.package_selection:Skipping not selected package 'engineer_description' in 'src/robots/engineer_description'
[0.267s] INFO:colcon.colcon_core.package_selection:Skipping not selected package 'engineer_interfaces' in 'src/robots/engineer_interfaces'
[0.267s] INFO:colcon.colcon_core.package_selection:Skipping not selected package 'error_code_utils' in 'src/utils/error_code_utils'
[0.267s] INFO:colcon.colcon_core.package_selection:Skipping not selected package 'log_utils' in 'src/utils/log_utils'
[0.267s] INFO:colcon.colcon_core.package_selection:Skipping not selected package 'object_load' in 'src/resources/object_load'
[0.267s] INFO:colcon.colcon_core.package_selection:Skipping not selected package 'realsense2_camera_msgs' in 'src/vision/realsense-ros/realsense2_camera_msgs'
[0.267s] INFO:colcon.colcon_core.package_selection:Skipping not selected package 'realsense2_ros_mqtt_bridge' in 'src/vision/realsense-ros/realsense2_ros_mqtt_bridge'
[0.267s] INFO:colcon.colcon_core.package_selection:Skipping not selected package 'vision_detect_client' in 'src/auto/capabilities/vision_detect_client'
[0.267s] INFO:colcon.colcon_core.package_selection:Skipping not selected package 'engineer_moveit_config' in 'src/robots/engineer_moveit_config'
[0.267s] INFO:colcon.colcon_core.package_selection:Skipping not selected package 'fake_system' in 'src/drivers/fake_system_node'
[0.267s] INFO:colcon.colcon_core.package_selection:Skipping not selected package 'realsense2_camera' in 'src/vision/realsense-ros/realsense2_camera'
[0.267s] INFO:colcon.colcon_core.package_selection:Skipping not selected package 'realsense2_description' in 'src/vision/realsense-ros/realsense2_description'
[0.267s] INFO:colcon.colcon_core.package_selection:Skipping not selected package 'realsense2_rviz_plugin' in 'src/vision/realsense-ros/realsense2_rgbd_plugin'
[0.267s] INFO:colcon.colcon_core.package_selection:Skipping not selected package 'task_step_library' in 'src/auto/task_step_library'
[0.267s] INFO:colcon.colcon_core.package_selection:Skipping not selected package 'teleop_node' in 'src/teleop/teleop_node'
[0.267s] INFO:colcon.colcon_core.package_selection:Skipping not selected package 'usb_cdc' in 'src/drivers/usb_cdc_node'
[0.267s] INFO:colcon.colcon_core.package_selection:Skipping not selected package 'arm_solve' in 'src/motion/arm_solve_node'
[0.267s] INFO:colcon.colcon_core.package_selection:Skipping not selected package 'arm_solve_client' in 'src/auto/capabilities/arm_solve_client'
[0.267s] INFO:colcon.colcon_core.package_selection:Skipping not selected package 'gripper_control_node' in 'src/auto/capabilities/gripper_control_node'
[0.267s] INFO:colcon.colcon_core.package_selection:Skipping not selected package 'task_orchestrator' in 'src/auto/task_orchestrator'
[0.267s] INFO:colcon.colcon_core.package_selection:Skipping not selected package 'step_executor' in 'src/auto/step_executor'
[0.267s] INFO:colcon.colcon_core.package_selection:Skipping not selected package 'auto_node' in 'src/auto/auto_node'
[0.267s] Level 1:colcon.colcon_core.package_discovery:discover_packages(prefix_path) check parameters
[0.267s] Level 1:colcon.colcon_core.package_discovery:discover_packages(prefix_path) discover
[0.269s] DEBUG:colcon.colcon_installed_package_information.package_discovery:Found 400 installed packages in /opt/ros/humble
[0.271s] Level 1:colcon.colcon_core.package_discovery:discover_packages(prefix_path) using defaults
[0.302s] Level 5:colcon.colcon_core.verb:set package 'solve_core' build argument 'cmake_args' from command line to 'None'
[0.302s] Level 5:colcon.colcon_core.verb:set package 'solve_core' build argument 'cmake_target' from command line to 'None'
[0.302s] Level 5:colcon.colcon_core.verb:set package 'solve_core' build argument 'cmake_target_skip_unavailable' from command line to 'False'
[0.302s] Level 5:colcon.colcon_core.verb:set package 'solve_core' build argument 'cmake_clean_cache' from command line to 'False'
[0.302s] Level 5:colcon.colcon_core.verb:set package 'solve_core' build argument 'cmake_clean_first' from command line to 'False'
[0.302s] Level 5:colcon.colcon_core.verb:set package 'solve_core' build argument 'cmake_force_configure' from command line to 'False'
[0.302s] Level 5:colcon.colcon_core.verb:set package 'solve_core' build argument 'ament_cmake_args' from command line to 'None'
[0.302s] Level 5:colcon.colcon_core.verb:set package 'solve_core' build argument 'catkin_cmake_args' from command line to 'None'
[0.302s] Level 5:colcon.colcon_core.verb:set package 'solve_core' build argument 'catkin_skip_building_tests' from command line to 'False'
[0.302s] DEBUG:colcon.colcon_core.verb:Building package 'solve_core' with the following arguments: {'ament_cmake_args': None, 'build_base': '/home/zc/rm_engineer/build/solve_core', 'catkin_cmake_args': None, 'catkin_skip_building_tests': False, 'cmake_args': None, 'cmake_clean_cache': False, 'cmake_clean_first': False, 'cmake_force_configure': False, 'cmake_target': None, 'cmake_target_skip_unavailable': False, 'install_base': '/home/zc/rm_engineer/install/solve_core', 'merge_install': False, 'path': '/home/zc/rm_engineer/src/motion/solve_core', 'symlink_install': False, 'test_result_base': None}
[0.302s] INFO:colcon.colcon_core.executor:Executing jobs using 'parallel' executor
[0.303s] DEBUG:colcon.colcon_parallel_executor.executor.parallel:run_until_complete
[0.303s] INFO:colcon.colcon_ros.task.ament_cmake.build:Building ROS package in '/home/zc/rm_engineer/src/motion/solve_core' with build type 'ament_cmake'
[0.303s] INFO:colcon.colcon_cmake.task.cmake.build:Building CMake package in '/home/zc/rm_engineer/src/motion/solve_core'
[0.305s] INFO:colcon.colcon_core.plugin_system:Skipping extension 'colcon_core.shell.bat': Not used on non-Windows systems
[0.305s] INFO:colcon.colcon_core.shell:Skip shell extension 'powershell' for command environment: Not usable outside of PowerShell
[0.305s] DEBUG:colcon.colcon_core.shell:Skip shell extension 'dsv' for command environment
[0.307s] ERROR:colcon.colcon_cmake.task.cmake.build:Failed to find the following files:
- /home/zc/rm_engineer/install/error_code_utils/share/error_code_utils/package.sh
- /home/zc/rm_engineer/install/log_utils/share/log_utils/package.sh
Check that the following packages have been built:
- error_code_utils
- log_utils
[0.307s] Level 1:colcon.colcon_core.environment:create_environment_scripts_only(solve_core)
[0.308s] Level 1:colcon.colcon_core.environment:checking '/home/zc/rm_engineer/install/solve_core' for CMake module files
[0.308s] Level 1:colcon.colcon_core.environment:checking '/home/zc/rm_engineer/install/solve_core' for CMake config files
[0.309s] Level 1:colcon.colcon_core.environment:checking '/home/zc/rm_engineer/install/solve_core/bin'
[0.309s] Level 1:colcon.colcon_core.environment:checking '/home/zc/rm_engineer/install/solve_core/lib/pkgconfig/solve_core.pc'
[0.309s] Level 1:colcon.colcon_core.environment:checking '/home/zc/rm_engineer/install/solve_core/lib/python3.10/site-packages'
[0.309s] Level 1:colcon.colcon_core.environment:checking '/home/zc/rm_engineer/install/solve_core/bin'
[0.309s] INFO:colcon.colcon_core.shell:Creating package script '/home/zc/rm_engineer/install/solve_core/share/solve_core/package.ps1'
[0.310s] INFO:colcon.colcon_core.shell:Creating package descriptor '/home/zc/rm_engineer/install/solve_core/share/solve_core/package.dsv'
[0.310s] INFO:colcon.colcon_core.shell:Creating package script '/home/zc/rm_engineer/install/solve_core/share/solve_core/package.sh'
[0.310s] INFO:colcon.colcon_core.shell:Creating package script '/home/zc/rm_engineer/install/solve_core/share/solve_core/package.bash'
[0.311s] INFO:colcon.colcon_core.shell:Creating package script '/home/zc/rm_engineer/install/solve_core/share/solve_core/package.zsh'
[0.311s] Level 1:colcon.colcon_core.environment:create_file_with_runtime_dependencies(/home/zc/rm_engineer/install/solve_core/share/colcon-core/packages/solve_core)
[0.322s] DEBUG:colcon.colcon_parallel_executor.executor.parallel:closing loop
[0.322s] DEBUG:colcon.colcon_parallel_executor.executor.parallel:loop closed
[0.322s] DEBUG:colcon.colcon_parallel_executor.executor.parallel:run_until_complete finished with '1'
[0.322s] DEBUG:colcon.colcon_core.event_reactor:joining thread
[0.326s] INFO:colcon.colcon_core.plugin_system:Skipping extension 'colcon_notification.desktop_notification.terminal_notifier': Not used on non-Darwin systems
[0.327s] INFO:colcon.colcon_core.plugin_system:Skipping extension 'colcon_notification.desktop_notification.win32': Not used on non-Windows systems
[0.327s] INFO:colcon.colcon_notification.desktop_notification:Sending desktop notification using 'notify2'
[0.327s] DEBUG:colcon.colcon_notification.desktop_notification.notify2:Failed to initialize notify2: org.freedesktop.DBus.Error.AccessDenied: Failed to connect to socket /run/user/1000/bus: Operation not permitted
[0.327s] DEBUG:colcon.colcon_core.event_reactor:joined thread
[0.327s] INFO:colcon.colcon_core.shell:Creating prefix script '/home/zc/rm_engineer/install/local_setup.ps1'
[0.328s] INFO:colcon.colcon_core.shell:Creating prefix util module '/home/zc/rm_engineer/install/_local_setup_util_ps1.py'
[0.329s] INFO:colcon.colcon_core.shell:Creating prefix chain script '/home/zc/rm_engineer/install/setup.ps1'
[0.330s] INFO:colcon.colcon_core.shell:Creating prefix script '/home/zc/rm_engineer/install/local_setup.sh'
[0.330s] INFO:colcon.colcon_core.shell:Creating prefix util module '/home/zc/rm_engineer/install/_local_setup_util_sh.py'
[0.331s] INFO:colcon.colcon_core.shell:Creating prefix chain script '/home/zc/rm_engineer/install/setup.sh'
[0.331s] INFO:colcon.colcon_core.shell:Creating prefix script '/home/zc/rm_engineer/install/local_setup.bash'
[0.332s] INFO:colcon.colcon_core.shell:Creating prefix chain script '/home/zc/rm_engineer/install/setup.bash'
[0.332s] INFO:colcon.colcon_core.shell:Creating prefix script '/home/zc/rm_engineer/install/local_setup.zsh'
[0.332s] INFO:colcon.colcon_core.shell:Creating prefix chain script '/home/zc/rm_engineer/install/setup.zsh'
